GAS LISTING C:\Users\Bilel\AppData\Local\Temp/cc9DNFGO.s 			page 1


   1               		.file	"main.c"
   2               	__SREG__ = 0x3f
   3               	__SP_H__ = 0x3e
   4               	__SP_L__ = 0x3d
   5               	__CCP__  = 0x34
   6               	__tmp_reg__ = 0
   7               	__zero_reg__ = 1
   8               		.section	.debug_abbrev,"",@progbits
   9               	.Ldebug_abbrev0:
  10               		.section	.debug_info,"",@progbits
  11               	.Ldebug_info0:
  12               		.section	.debug_line,"",@progbits
  13               	.Ldebug_line0:
  14               		.text
  15               	.Ltext0:
  16               	.global	wait
  17               		.type	wait, @function
  18               	wait:
  19               	.LFB6:
  20               	.LM1:
  21               	.LVL0:
  22               	/* prologue: function */
  23               	/* frame size = 0 */
  24               	.LBB18:
  25               	.LBB19:
  26               	.LBB20:
  27               	.LBB21:
  28               	.LM2:
  29 0000 20ED      		ldi r18,lo8(2000)
  30 0002 37E0      		ldi r19,hi8(2000)
  31 0004 00C0      		rjmp .L2
  32               	.LVL1:
  33               	.L3:
  34 0006 F901      		movw r30,r18
  35               	/* #APP */
  36               	 ;  105 "c:/winavr-20100110/lib/gcc/../../avr/include/util/delay_basic.h" 1
  37 0008 3197      		1: sbiw r30,1
  38 000a 01F4      		brne 1b
  39               	 ;  0 "" 2
  40               	/* #NOAPP */
  41               	.LBE21:
  42               	.LBE20:
  43               	.LBE19:
  44               	.LBE18:
  45               	.LM3:
  46 000c 0197      		sbiw r24,1
  47               	.L2:
  48               	.LM4:
  49 000e 1816      		cp __zero_reg__,r24
  50 0010 1906      		cpc __zero_reg__,r25
  51 0012 04F0      		brlt .L3
  52               	/* epilogue start */
  53               	.LM5:
  54 0014 0895      		ret
  55               	.LFE6:
  56               		.size	wait, .-wait
  57               	.global	main
GAS LISTING C:\Users\Bilel\AppData\Local\Temp/cc9DNFGO.s 			page 2


  58               		.type	main, @function
  59               	main:
  60               	.LFB7:
  61               	.LM6:
  62               	/* prologue: function */
  63               	/* frame size = 0 */
  64               	.LM7:
  65 0016 8FEF      		ldi r24,lo8(-1)
  66 0018 81BB      		out 49-32,r24
  67 001a 20E0      		ldi r18,lo8(0)
  68               	.LVL2:
  69               	.LM8:
  70 001c 61E0      		ldi r22,lo8(1)
  71 001e 70E0      		ldi r23,hi8(1)
  72               	.LBB22:
  73               	.LBB23:
  74               	.LBB24:
  75               	.LBB25:
  76               	.LM9:
  77 0020 48EC      		ldi r20,lo8(200)
  78 0022 50E0      		ldi r21,hi8(200)
  79               	.LVL3:
  80               	.L12:
  81               	.LBE25:
  82               	.LBE24:
  83               	.LBE23:
  84               	.LBE22:
  85               	.LM10:
  86 0024 CB01      		movw r24,r22
  87               	.LVL4:
  88 0026 022E      		mov r0,r18
  89 0028 00C0      		rjmp 2f
  90 002a 880F      	1:	lsl r24
  91 002c 991F      		rol r25
  92 002e 0A94      	2:	dec r0
  93 0030 02F4      		brpl 1b
  94 0032 82BB      		out 50-32,r24
  95 0034 84EF      		ldi r24,lo8(500)
  96 0036 91E0      		ldi r25,hi8(500)
  97               	.LVL5:
  98               	.L6:
  99               	.LBB29:
 100               	.LBB28:
 101               	.LBB27:
 102               	.LBB26:
 103               	.LM11:
 104 0038 FA01      		movw r30,r20
 105               	/* #APP */
 106               	 ;  105 "c:/winavr-20100110/lib/gcc/../../avr/include/util/delay_basic.h" 1
 107 003a 3197      		1: sbiw r30,1
 108 003c 01F4      		brne 1b
 109               	 ;  0 "" 2
 110               	/* #NOAPP */
 111               	.LBE26:
 112               	.LBE27:
 113               	.LM12:
 114 003e 0197      		sbiw r24,1
GAS LISTING C:\Users\Bilel\AppData\Local\Temp/cc9DNFGO.s 			page 3


 115               	.LM13:
 116 0040 01F4      		brne .L6
 117               	.LBE28:
 118               	.LBE29:
 119               	.LM14:
 120 0042 2F5F      		subi r18,lo8(-(1))
 121 0044 2830      		cpi r18,lo8(8)
 122 0046 04F0      		brlt .L12
 123 0048 20E0      		ldi r18,lo8(0)
 124 004a 00C0      		rjmp .L12
 125               	.LFE7:
 126               		.size	main, .-main
 127               		.section	.debug_frame,"",@progbits
 128               	.Lframe0:
 129 0000 0C00 0000 		.long	.LECIE0-.LSCIE0
 130               	.LSCIE0:
 131 0004 FFFF FFFF 		.long	0xffffffff
 132 0008 01        		.byte	0x1
 133 0009 00        		.string	""
 134 000a 01        		.uleb128 0x1
 135 000b 7F        		.sleb128 -1
 136 000c 24        		.byte	0x24
 137 000d 0C        		.byte	0xc
 138 000e 20        		.uleb128 0x20
 139 000f 00        		.uleb128 0x0
 140               		.p2align	2
 141               	.LECIE0:
 142               	.LSFDE0:
 143 0010 0C00 0000 		.long	.LEFDE0-.LASFDE0
 144               	.LASFDE0:
 145 0014 0000 0000 		.long	.Lframe0
 146 0018 0000 0000 		.long	.LFB6
 147 001c 1600 0000 		.long	.LFE6-.LFB6
 148               		.p2align	2
 149               	.LEFDE0:
 150               	.LSFDE2:
 151 0020 0C00 0000 		.long	.LEFDE2-.LASFDE2
 152               	.LASFDE2:
 153 0024 0000 0000 		.long	.Lframe0
 154 0028 0000 0000 		.long	.LFB7
 155 002c 3600 0000 		.long	.LFE7-.LFB7
 156               		.p2align	2
 157               	.LEFDE2:
 158               		.text
 159               	.Letext0:
 160               		.section	.debug_loc,"",@progbits
 161               	.Ldebug_loc0:
 162               	.LLST2:
 163 0000 2400 0000 		.long	.LVL3-.Ltext0
 164 0004 2600 0000 		.long	.LVL4-.Ltext0
 165 0008 0600      		.word	0x6
 166 000a 68        		.byte	0x68
 167 000b 93        		.byte	0x93
 168 000c 01        		.uleb128 0x1
 169 000d 69        		.byte	0x69
 170 000e 93        		.byte	0x93
 171 000f 01        		.uleb128 0x1
GAS LISTING C:\Users\Bilel\AppData\Local\Temp/cc9DNFGO.s 			page 4


 172 0010 3800 0000 		.long	.LVL5-.Ltext0
 173 0014 4C00 0000 		.long	.LFE7-.Ltext0
 174 0018 0600      		.word	0x6
 175 001a 68        		.byte	0x68
 176 001b 93        		.byte	0x93
 177 001c 01        		.uleb128 0x1
 178 001d 69        		.byte	0x69
 179 001e 93        		.byte	0x93
 180 001f 01        		.uleb128 0x1
 181 0020 0000 0000 		.long	0x0
 182 0024 0000 0000 		.long	0x0
 183               		.section	.debug_info
 184 0000 8401 0000 		.long	0x184
 185 0004 0200      		.word	0x2
 186 0006 0000 0000 		.long	.Ldebug_abbrev0
 187 000a 04        		.byte	0x4
 188 000b 01        		.uleb128 0x1
 189 000c 0000 0000 		.long	.LASF15
 190 0010 01        		.byte	0x1
 191 0011 0000 0000 		.long	.LASF16
 192 0015 0000 0000 		.long	.LASF17
 193 0019 0000 0000 		.long	.Ltext0
 194 001d 0000 0000 		.long	.Letext0
 195 0021 0000 0000 		.long	.Ldebug_line0
 196 0025 02        		.uleb128 0x2
 197 0026 01        		.byte	0x1
 198 0027 06        		.byte	0x6
 199 0028 0000 0000 		.long	.LASF0
 200 002c 02        		.uleb128 0x2
 201 002d 01        		.byte	0x1
 202 002e 08        		.byte	0x8
 203 002f 0000 0000 		.long	.LASF1
 204 0033 03        		.uleb128 0x3
 205 0034 02        		.byte	0x2
 206 0035 05        		.byte	0x5
 207 0036 696E 7400 		.string	"int"
 208 003a 04        		.uleb128 0x4
 209 003b 0000 0000 		.long	.LASF18
 210 003f 04        		.byte	0x4
 211 0040 7C        		.byte	0x7c
 212 0041 4500 0000 		.long	0x45
 213 0045 02        		.uleb128 0x2
 214 0046 02        		.byte	0x2
 215 0047 07        		.byte	0x7
 216 0048 0000 0000 		.long	.LASF2
 217 004c 02        		.uleb128 0x2
 218 004d 04        		.byte	0x4
 219 004e 05        		.byte	0x5
 220 004f 0000 0000 		.long	.LASF3
 221 0053 02        		.uleb128 0x2
 222 0054 04        		.byte	0x4
 223 0055 07        		.byte	0x7
 224 0056 0000 0000 		.long	.LASF4
 225 005a 02        		.uleb128 0x2
 226 005b 08        		.byte	0x8
 227 005c 05        		.byte	0x5
 228 005d 0000 0000 		.long	.LASF5
GAS LISTING C:\Users\Bilel\AppData\Local\Temp/cc9DNFGO.s 			page 5


 229 0061 02        		.uleb128 0x2
 230 0062 08        		.byte	0x8
 231 0063 07        		.byte	0x7
 232 0064 0000 0000 		.long	.LASF6
 233 0068 05        		.uleb128 0x5
 234 0069 0000 0000 		.long	.LASF7
 235 006d 02        		.byte	0x2
 236 006e 68        		.byte	0x68
 237 006f 01        		.byte	0x1
 238 0070 03        		.byte	0x3
 239 0071 8100 0000 		.long	0x81
 240 0075 06        		.uleb128 0x6
 241 0076 0000 0000 		.long	.LASF9
 242 007a 02        		.byte	0x2
 243 007b 67        		.byte	0x67
 244 007c 3A00 0000 		.long	0x3a
 245 0080 00        		.byte	0x0
 246 0081 05        		.uleb128 0x5
 247 0082 0000 0000 		.long	.LASF8
 248 0086 03        		.byte	0x3
 249 0087 6F        		.byte	0x6f
 250 0088 01        		.byte	0x1
 251 0089 03        		.byte	0x3
 252 008a B200 0000 		.long	0xb2
 253 008e 06        		.uleb128 0x6
 254 008f 0000 0000 		.long	.LASF10
 255 0093 03        		.byte	0x3
 256 0094 6E        		.byte	0x6e
 257 0095 B200 0000 		.long	0xb2
 258 0099 07        		.uleb128 0x7
 259 009a 0000 0000 		.long	.LASF11
 260 009e 03        		.byte	0x3
 261 009f 70        		.byte	0x70
 262 00a0 3A00 0000 		.long	0x3a
 263 00a4 07        		.uleb128 0x7
 264 00a5 0000 0000 		.long	.LASF12
 265 00a9 03        		.byte	0x3
 266 00aa 71        		.byte	0x71
 267 00ab B200 0000 		.long	0xb2
 268 00af 08        		.uleb128 0x8
 269 00b0 08        		.uleb128 0x8
 270 00b1 00        		.byte	0x0
 271 00b2 02        		.uleb128 0x2
 272 00b3 04        		.byte	0x4
 273 00b4 04        		.byte	0x4
 274 00b5 0000 0000 		.long	.LASF13
 275 00b9 09        		.uleb128 0x9
 276 00ba 01        		.byte	0x1
 277 00bb 0000 0000 		.long	.LASF19
 278 00bf 01        		.byte	0x1
 279 00c0 08        		.byte	0x8
 280 00c1 01        		.byte	0x1
 281 00c2 0000 0000 		.long	.LFB6
 282 00c6 0000 0000 		.long	.LFE6
 283 00ca 02        		.byte	0x2
 284 00cb 90        		.byte	0x90
 285 00cc 20        		.uleb128 0x20
GAS LISTING C:\Users\Bilel\AppData\Local\Temp/cc9DNFGO.s 			page 6


 286 00cd 1901 0000 		.long	0x119
 287 00d1 0A        		.uleb128 0xa
 288 00d2 6D73 00   		.string	"ms"
 289 00d5 01        		.byte	0x1
 290 00d6 07        		.byte	0x7
 291 00d7 3300 0000 		.long	0x33
 292 00db 06        		.byte	0x6
 293 00dc 68        		.byte	0x68
 294 00dd 93        		.byte	0x93
 295 00de 01        		.uleb128 0x1
 296 00df 69        		.byte	0x69
 297 00e0 93        		.byte	0x93
 298 00e1 01        		.uleb128 0x1
 299 00e2 0B        		.uleb128 0xb
 300 00e3 8100 0000 		.long	0x81
 301 00e7 0000 0000 		.long	.LBB18
 302 00eb 0000 0000 		.long	.LBE18
 303 00ef 01        		.byte	0x1
 304 00f0 0A        		.byte	0xa
 305 00f1 0C        		.uleb128 0xc
 306 00f2 0000 0000 		.long	.LBB19
 307 00f6 0000 0000 		.long	.LBE19
 308 00fa 0B        		.uleb128 0xb
 309 00fb 6800 0000 		.long	0x68
 310 00ff 0000 0000 		.long	.LBB20
 311 0103 0000 0000 		.long	.LBE20
 312 0107 03        		.byte	0x3
 313 0108 82        		.byte	0x82
 314 0109 0D        		.uleb128 0xd
 315 010a 7500 0000 		.long	0x75
 316 010e 06        		.byte	0x6
 317 010f 6E        		.byte	0x6e
 318 0110 93        		.byte	0x93
 319 0111 01        		.uleb128 0x1
 320 0112 6F        		.byte	0x6f
 321 0113 93        		.byte	0x93
 322 0114 01        		.uleb128 0x1
 323 0115 00        		.byte	0x0
 324 0116 00        		.byte	0x0
 325 0117 00        		.byte	0x0
 326 0118 00        		.byte	0x0
 327 0119 0E        		.uleb128 0xe
 328 011a 01        		.byte	0x1
 329 011b 0000 0000 		.long	.LASF20
 330 011f 01        		.byte	0x1
 331 0120 0F        		.byte	0xf
 332 0121 01        		.byte	0x1
 333 0122 3300 0000 		.long	0x33
 334 0126 0000 0000 		.long	.LFB7
 335 012a 0000 0000 		.long	.LFE7
 336 012e 02        		.byte	0x2
 337 012f 90        		.byte	0x90
 338 0130 20        		.uleb128 0x20
 339 0131 8001 0000 		.long	0x180
 340 0135 0F        		.uleb128 0xf
 341 0136 0000 0000 		.long	.LASF21
 342 013a 01        		.byte	0x1
GAS LISTING C:\Users\Bilel\AppData\Local\Temp/cc9DNFGO.s 			page 7


 343 013b 13        		.byte	0x13
 344 013c 8001 0000 		.long	0x180
 345 0140 01        		.byte	0x1
 346 0141 62        		.byte	0x62
 347 0142 10        		.uleb128 0x10
 348 0143 8100 0000 		.long	0x81
 349 0147 0000 0000 		.long	.Ldebug_ranges0+0x0
 350 014b 01        		.byte	0x1
 351 014c 18        		.byte	0x18
 352 014d 11        		.uleb128 0x11
 353 014e 8E00 0000 		.long	0x8e
 354 0152 12        		.uleb128 0x12
 355 0153 0000 0000 		.long	.Ldebug_ranges0+0x18
 356 0157 13        		.uleb128 0x13
 357 0158 9900 0000 		.long	0x99
 358 015c 0000 0000 		.long	.LLST2
 359 0160 14        		.uleb128 0x14
 360 0161 A400 0000 		.long	0xa4
 361 0165 10        		.uleb128 0x10
 362 0166 6800 0000 		.long	0x68
 363 016a 0000 0000 		.long	.Ldebug_ranges0+0x30
 364 016e 03        		.byte	0x3
 365 016f 7B        		.byte	0x7b
 366 0170 0D        		.uleb128 0xd
 367 0171 7500 0000 		.long	0x75
 368 0175 06        		.byte	0x6
 369 0176 6E        		.byte	0x6e
 370 0177 93        		.byte	0x93
 371 0178 01        		.uleb128 0x1
 372 0179 6F        		.byte	0x6f
 373 017a 93        		.byte	0x93
 374 017b 01        		.uleb128 0x1
 375 017c 00        		.byte	0x0
 376 017d 00        		.byte	0x0
 377 017e 00        		.byte	0x0
 378 017f 00        		.byte	0x0
 379 0180 02        		.uleb128 0x2
 380 0181 01        		.byte	0x1
 381 0182 06        		.byte	0x6
 382 0183 0000 0000 		.long	.LASF14
 383 0187 00        		.byte	0x0
 384               		.section	.debug_abbrev
 385 0000 01        		.uleb128 0x1
 386 0001 11        		.uleb128 0x11
 387 0002 01        		.byte	0x1
 388 0003 25        		.uleb128 0x25
 389 0004 0E        		.uleb128 0xe
 390 0005 13        		.uleb128 0x13
 391 0006 0B        		.uleb128 0xb
 392 0007 03        		.uleb128 0x3
 393 0008 0E        		.uleb128 0xe
 394 0009 1B        		.uleb128 0x1b
 395 000a 0E        		.uleb128 0xe
 396 000b 11        		.uleb128 0x11
 397 000c 01        		.uleb128 0x1
 398 000d 12        		.uleb128 0x12
 399 000e 01        		.uleb128 0x1
GAS LISTING C:\Users\Bilel\AppData\Local\Temp/cc9DNFGO.s 			page 8


 400 000f 10        		.uleb128 0x10
 401 0010 06        		.uleb128 0x6
 402 0011 00        		.byte	0x0
 403 0012 00        		.byte	0x0
 404 0013 02        		.uleb128 0x2
 405 0014 24        		.uleb128 0x24
 406 0015 00        		.byte	0x0
 407 0016 0B        		.uleb128 0xb
 408 0017 0B        		.uleb128 0xb
 409 0018 3E        		.uleb128 0x3e
 410 0019 0B        		.uleb128 0xb
 411 001a 03        		.uleb128 0x3
 412 001b 0E        		.uleb128 0xe
 413 001c 00        		.byte	0x0
 414 001d 00        		.byte	0x0
 415 001e 03        		.uleb128 0x3
 416 001f 24        		.uleb128 0x24
 417 0020 00        		.byte	0x0
 418 0021 0B        		.uleb128 0xb
 419 0022 0B        		.uleb128 0xb
 420 0023 3E        		.uleb128 0x3e
 421 0024 0B        		.uleb128 0xb
 422 0025 03        		.uleb128 0x3
 423 0026 08        		.uleb128 0x8
 424 0027 00        		.byte	0x0
 425 0028 00        		.byte	0x0
 426 0029 04        		.uleb128 0x4
 427 002a 16        		.uleb128 0x16
 428 002b 00        		.byte	0x0
 429 002c 03        		.uleb128 0x3
 430 002d 0E        		.uleb128 0xe
 431 002e 3A        		.uleb128 0x3a
 432 002f 0B        		.uleb128 0xb
 433 0030 3B        		.uleb128 0x3b
 434 0031 0B        		.uleb128 0xb
 435 0032 49        		.uleb128 0x49
 436 0033 13        		.uleb128 0x13
 437 0034 00        		.byte	0x0
 438 0035 00        		.byte	0x0
 439 0036 05        		.uleb128 0x5
 440 0037 2E        		.uleb128 0x2e
 441 0038 01        		.byte	0x1
 442 0039 03        		.uleb128 0x3
 443 003a 0E        		.uleb128 0xe
 444 003b 3A        		.uleb128 0x3a
 445 003c 0B        		.uleb128 0xb
 446 003d 3B        		.uleb128 0x3b
 447 003e 0B        		.uleb128 0xb
 448 003f 27        		.uleb128 0x27
 449 0040 0C        		.uleb128 0xc
 450 0041 20        		.uleb128 0x20
 451 0042 0B        		.uleb128 0xb
 452 0043 01        		.uleb128 0x1
 453 0044 13        		.uleb128 0x13
 454 0045 00        		.byte	0x0
 455 0046 00        		.byte	0x0
 456 0047 06        		.uleb128 0x6
GAS LISTING C:\Users\Bilel\AppData\Local\Temp/cc9DNFGO.s 			page 9


 457 0048 05        		.uleb128 0x5
 458 0049 00        		.byte	0x0
 459 004a 03        		.uleb128 0x3
 460 004b 0E        		.uleb128 0xe
 461 004c 3A        		.uleb128 0x3a
 462 004d 0B        		.uleb128 0xb
 463 004e 3B        		.uleb128 0x3b
 464 004f 0B        		.uleb128 0xb
 465 0050 49        		.uleb128 0x49
 466 0051 13        		.uleb128 0x13
 467 0052 00        		.byte	0x0
 468 0053 00        		.byte	0x0
 469 0054 07        		.uleb128 0x7
 470 0055 34        		.uleb128 0x34
 471 0056 00        		.byte	0x0
 472 0057 03        		.uleb128 0x3
 473 0058 0E        		.uleb128 0xe
 474 0059 3A        		.uleb128 0x3a
 475 005a 0B        		.uleb128 0xb
 476 005b 3B        		.uleb128 0x3b
 477 005c 0B        		.uleb128 0xb
 478 005d 49        		.uleb128 0x49
 479 005e 13        		.uleb128 0x13
 480 005f 00        		.byte	0x0
 481 0060 00        		.byte	0x0
 482 0061 08        		.uleb128 0x8
 483 0062 0B        		.uleb128 0xb
 484 0063 00        		.byte	0x0
 485 0064 00        		.byte	0x0
 486 0065 00        		.byte	0x0
 487 0066 09        		.uleb128 0x9
 488 0067 2E        		.uleb128 0x2e
 489 0068 01        		.byte	0x1
 490 0069 3F        		.uleb128 0x3f
 491 006a 0C        		.uleb128 0xc
 492 006b 03        		.uleb128 0x3
 493 006c 0E        		.uleb128 0xe
 494 006d 3A        		.uleb128 0x3a
 495 006e 0B        		.uleb128 0xb
 496 006f 3B        		.uleb128 0x3b
 497 0070 0B        		.uleb128 0xb
 498 0071 27        		.uleb128 0x27
 499 0072 0C        		.uleb128 0xc
 500 0073 11        		.uleb128 0x11
 501 0074 01        		.uleb128 0x1
 502 0075 12        		.uleb128 0x12
 503 0076 01        		.uleb128 0x1
 504 0077 40        		.uleb128 0x40
 505 0078 0A        		.uleb128 0xa
 506 0079 01        		.uleb128 0x1
 507 007a 13        		.uleb128 0x13
 508 007b 00        		.byte	0x0
 509 007c 00        		.byte	0x0
 510 007d 0A        		.uleb128 0xa
 511 007e 05        		.uleb128 0x5
 512 007f 00        		.byte	0x0
 513 0080 03        		.uleb128 0x3
GAS LISTING C:\Users\Bilel\AppData\Local\Temp/cc9DNFGO.s 			page 10


 514 0081 08        		.uleb128 0x8
 515 0082 3A        		.uleb128 0x3a
 516 0083 0B        		.uleb128 0xb
 517 0084 3B        		.uleb128 0x3b
 518 0085 0B        		.uleb128 0xb
 519 0086 49        		.uleb128 0x49
 520 0087 13        		.uleb128 0x13
 521 0088 02        		.uleb128 0x2
 522 0089 0A        		.uleb128 0xa
 523 008a 00        		.byte	0x0
 524 008b 00        		.byte	0x0
 525 008c 0B        		.uleb128 0xb
 526 008d 1D        		.uleb128 0x1d
 527 008e 01        		.byte	0x1
 528 008f 31        		.uleb128 0x31
 529 0090 13        		.uleb128 0x13
 530 0091 11        		.uleb128 0x11
 531 0092 01        		.uleb128 0x1
 532 0093 12        		.uleb128 0x12
 533 0094 01        		.uleb128 0x1
 534 0095 58        		.uleb128 0x58
 535 0096 0B        		.uleb128 0xb
 536 0097 59        		.uleb128 0x59
 537 0098 0B        		.uleb128 0xb
 538 0099 00        		.byte	0x0
 539 009a 00        		.byte	0x0
 540 009b 0C        		.uleb128 0xc
 541 009c 0B        		.uleb128 0xb
 542 009d 01        		.byte	0x1
 543 009e 11        		.uleb128 0x11
 544 009f 01        		.uleb128 0x1
 545 00a0 12        		.uleb128 0x12
 546 00a1 01        		.uleb128 0x1
 547 00a2 00        		.byte	0x0
 548 00a3 00        		.byte	0x0
 549 00a4 0D        		.uleb128 0xd
 550 00a5 05        		.uleb128 0x5
 551 00a6 00        		.byte	0x0
 552 00a7 31        		.uleb128 0x31
 553 00a8 13        		.uleb128 0x13
 554 00a9 02        		.uleb128 0x2
 555 00aa 0A        		.uleb128 0xa
 556 00ab 00        		.byte	0x0
 557 00ac 00        		.byte	0x0
 558 00ad 0E        		.uleb128 0xe
 559 00ae 2E        		.uleb128 0x2e
 560 00af 01        		.byte	0x1
 561 00b0 3F        		.uleb128 0x3f
 562 00b1 0C        		.uleb128 0xc
 563 00b2 03        		.uleb128 0x3
 564 00b3 0E        		.uleb128 0xe
 565 00b4 3A        		.uleb128 0x3a
 566 00b5 0B        		.uleb128 0xb
 567 00b6 3B        		.uleb128 0x3b
 568 00b7 0B        		.uleb128 0xb
 569 00b8 27        		.uleb128 0x27
 570 00b9 0C        		.uleb128 0xc
GAS LISTING C:\Users\Bilel\AppData\Local\Temp/cc9DNFGO.s 			page 11


 571 00ba 49        		.uleb128 0x49
 572 00bb 13        		.uleb128 0x13
 573 00bc 11        		.uleb128 0x11
 574 00bd 01        		.uleb128 0x1
 575 00be 12        		.uleb128 0x12
 576 00bf 01        		.uleb128 0x1
 577 00c0 40        		.uleb128 0x40
 578 00c1 0A        		.uleb128 0xa
 579 00c2 01        		.uleb128 0x1
 580 00c3 13        		.uleb128 0x13
 581 00c4 00        		.byte	0x0
 582 00c5 00        		.byte	0x0
 583 00c6 0F        		.uleb128 0xf
 584 00c7 34        		.uleb128 0x34
 585 00c8 00        		.byte	0x0
 586 00c9 03        		.uleb128 0x3
 587 00ca 0E        		.uleb128 0xe
 588 00cb 3A        		.uleb128 0x3a
 589 00cc 0B        		.uleb128 0xb
 590 00cd 3B        		.uleb128 0x3b
 591 00ce 0B        		.uleb128 0xb
 592 00cf 49        		.uleb128 0x49
 593 00d0 13        		.uleb128 0x13
 594 00d1 02        		.uleb128 0x2
 595 00d2 0A        		.uleb128 0xa
 596 00d3 00        		.byte	0x0
 597 00d4 00        		.byte	0x0
 598 00d5 10        		.uleb128 0x10
 599 00d6 1D        		.uleb128 0x1d
 600 00d7 01        		.byte	0x1
 601 00d8 31        		.uleb128 0x31
 602 00d9 13        		.uleb128 0x13
 603 00da 55        		.uleb128 0x55
 604 00db 06        		.uleb128 0x6
 605 00dc 58        		.uleb128 0x58
 606 00dd 0B        		.uleb128 0xb
 607 00de 59        		.uleb128 0x59
 608 00df 0B        		.uleb128 0xb
 609 00e0 00        		.byte	0x0
 610 00e1 00        		.byte	0x0
 611 00e2 11        		.uleb128 0x11
 612 00e3 05        		.uleb128 0x5
 613 00e4 00        		.byte	0x0
 614 00e5 31        		.uleb128 0x31
 615 00e6 13        		.uleb128 0x13
 616 00e7 00        		.byte	0x0
 617 00e8 00        		.byte	0x0
 618 00e9 12        		.uleb128 0x12
 619 00ea 0B        		.uleb128 0xb
 620 00eb 01        		.byte	0x1
 621 00ec 55        		.uleb128 0x55
 622 00ed 06        		.uleb128 0x6
 623 00ee 00        		.byte	0x0
 624 00ef 00        		.byte	0x0
 625 00f0 13        		.uleb128 0x13
 626 00f1 34        		.uleb128 0x34
 627 00f2 00        		.byte	0x0
GAS LISTING C:\Users\Bilel\AppData\Local\Temp/cc9DNFGO.s 			page 12


 628 00f3 31        		.uleb128 0x31
 629 00f4 13        		.uleb128 0x13
 630 00f5 02        		.uleb128 0x2
 631 00f6 06        		.uleb128 0x6
 632 00f7 00        		.byte	0x0
 633 00f8 00        		.byte	0x0
 634 00f9 14        		.uleb128 0x14
 635 00fa 34        		.uleb128 0x34
 636 00fb 00        		.byte	0x0
 637 00fc 31        		.uleb128 0x31
 638 00fd 13        		.uleb128 0x13
 639 00fe 00        		.byte	0x0
 640 00ff 00        		.byte	0x0
 641 0100 00        		.byte	0x0
 642               		.section	.debug_pubnames,"",@progbits
 643 0000 2000 0000 		.long	0x20
 644 0004 0200      		.word	0x2
 645 0006 0000 0000 		.long	.Ldebug_info0
 646 000a 8801 0000 		.long	0x188
 647 000e B900 0000 		.long	0xb9
 648 0012 7761 6974 		.string	"wait"
 648      00
 649 0017 1901 0000 		.long	0x119
 650 001b 6D61 696E 		.string	"main"
 650      00
 651 0020 0000 0000 		.long	0x0
 652               		.section	.debug_aranges,"",@progbits
 653 0000 1C00 0000 		.long	0x1c
 654 0004 0200      		.word	0x2
 655 0006 0000 0000 		.long	.Ldebug_info0
 656 000a 04        		.byte	0x4
 657 000b 00        		.byte	0x0
 658 000c 0000      		.word	0x0
 659 000e 0000      		.word	0x0
 660 0010 0000 0000 		.long	.Ltext0
 661 0014 4C00 0000 		.long	.Letext0-.Ltext0
 662 0018 0000 0000 		.long	0x0
 663 001c 0000 0000 		.long	0x0
 664               		.section	.debug_ranges,"",@progbits
 665               	.Ldebug_ranges0:
 666 0000 2000 0000 		.long	.LBB22-.Ltext0
 667 0004 2400 0000 		.long	.LBE22-.Ltext0
 668 0008 3800 0000 		.long	.LBB29-.Ltext0
 669 000c 4200 0000 		.long	.LBE29-.Ltext0
 670 0010 0000 0000 		.long	0x0
 671 0014 0000 0000 		.long	0x0
 672 0018 2000 0000 		.long	.LBB23-.Ltext0
 673 001c 2400 0000 		.long	.LBE23-.Ltext0
 674 0020 3800 0000 		.long	.LBB28-.Ltext0
 675 0024 4200 0000 		.long	.LBE28-.Ltext0
 676 0028 0000 0000 		.long	0x0
 677 002c 0000 0000 		.long	0x0
 678 0030 2000 0000 		.long	.LBB24-.Ltext0
 679 0034 2400 0000 		.long	.LBE24-.Ltext0
 680 0038 3800 0000 		.long	.LBB27-.Ltext0
 681 003c 3E00 0000 		.long	.LBE27-.Ltext0
 682 0040 0000 0000 		.long	0x0
GAS LISTING C:\Users\Bilel\AppData\Local\Temp/cc9DNFGO.s 			page 13


 683 0044 0000 0000 		.long	0x0
 684               		.section	.debug_line
 685 0000 4201 0000 		.long	.LELT0-.LSLT0
 686               	.LSLT0:
 687 0004 0200      		.word	0x2
 688 0006 AB00 0000 		.long	.LELTP0-.LASLTP0
 689               	.LASLTP0:
 690 000a 01        		.byte	0x1
 691 000b 01        		.byte	0x1
 692 000c F6        		.byte	0xf6
 693 000d F5        		.byte	0xf5
 694 000e 0A        		.byte	0xa
 695 000f 00        		.byte	0x0
 696 0010 01        		.byte	0x1
 697 0011 01        		.byte	0x1
 698 0012 01        		.byte	0x1
 699 0013 01        		.byte	0x1
 700 0014 00        		.byte	0x0
 701 0015 00        		.byte	0x0
 702 0016 00        		.byte	0x0
 703 0017 01        		.byte	0x1
 704 0018 633A 2F77 		.ascii	"c:/winavr-20100110/lib/gcc/../../avr/include"
 704      696E 6176 
 704      722D 3230 
 704      3130 3031 
 704      3130 2F6C 
 705 0044 00        		.byte	0
 706 0045 633A 2F77 		.ascii	"c:/winavr-20100110/lib/gcc/../../avr/include/util"
 706      696E 6176 
 706      722D 3230 
 706      3130 3031 
 706      3130 2F6C 
 707 0076 00        		.byte	0
 708 0077 00        		.byte	0x0
 709 0078 6D61 696E 		.string	"main.c"
 709      2E63 00
 710 007f 00        		.uleb128 0x0
 711 0080 00        		.uleb128 0x0
 712 0081 00        		.uleb128 0x0
 713 0082 7574 696C 		.string	"util/delay_basic.h"
 713      2F64 656C 
 713      6179 5F62 
 713      6173 6963 
 713      2E68 00
 714 0095 01        		.uleb128 0x1
 715 0096 00        		.uleb128 0x0
 716 0097 00        		.uleb128 0x0
 717 0098 7574 696C 		.string	"util/delay.h"
 717      2F64 656C 
 717      6179 2E68 
 717      00
 718 00a5 01        		.uleb128 0x1
 719 00a6 00        		.uleb128 0x0
 720 00a7 00        		.uleb128 0x0
 721 00a8 7374 6469 		.string	"stdint.h"
 721      6E74 2E68 
 721      00
GAS LISTING C:\Users\Bilel\AppData\Local\Temp/cc9DNFGO.s 			page 14


 722 00b1 01        		.uleb128 0x1
 723 00b2 00        		.uleb128 0x0
 724 00b3 00        		.uleb128 0x0
 725 00b4 00        		.byte	0x0
 726               	.LELTP0:
 727 00b5 00        		.byte	0x0
 728 00b6 05        		.uleb128 0x5
 729 00b7 02        		.byte	0x2
 730 00b8 0000 0000 		.long	.LM1
 731 00bc 1B        		.byte	0x1b
 732 00bd 00        		.byte	0x0
 733 00be 05        		.uleb128 0x5
 734 00bf 02        		.byte	0x2
 735 00c0 0000 0000 		.long	.LM2
 736 00c4 04        		.byte	0x4
 737 00c5 02        		.uleb128 0x2
 738 00c6 75        		.byte	0x75
 739 00c7 00        		.byte	0x0
 740 00c8 05        		.uleb128 0x5
 741 00c9 02        		.byte	0x2
 742 00ca 0000 0000 		.long	.LM3
 743 00ce 04        		.byte	0x4
 744 00cf 01        		.uleb128 0x1
 745 00d0 03        		.byte	0x3
 746 00d1 A27F      		.sleb128 -94
 747 00d3 01        		.byte	0x1
 748 00d4 00        		.byte	0x0
 749 00d5 05        		.uleb128 0x5
 750 00d6 02        		.byte	0x2
 751 00d7 0000 0000 		.long	.LM4
 752 00db 12        		.byte	0x12
 753 00dc 00        		.byte	0x0
 754 00dd 05        		.uleb128 0x5
 755 00de 02        		.byte	0x2
 756 00df 0000 0000 		.long	.LM5
 757 00e3 18        		.byte	0x18
 758 00e4 00        		.byte	0x0
 759 00e5 05        		.uleb128 0x5
 760 00e6 02        		.byte	0x2
 761 00e7 0000 0000 		.long	.LM6
 762 00eb 16        		.byte	0x16
 763 00ec 00        		.byte	0x0
 764 00ed 05        		.uleb128 0x5
 765 00ee 02        		.byte	0x2
 766 00ef 0000 0000 		.long	.LM7
 767 00f3 16        		.byte	0x16
 768 00f4 00        		.byte	0x0
 769 00f5 05        		.uleb128 0x5
 770 00f6 02        		.byte	0x2
 771 00f7 0000 0000 		.long	.LM8
 772 00fb 1A        		.byte	0x1a
 773 00fc 00        		.byte	0x0
 774 00fd 05        		.uleb128 0x5
 775 00fe 02        		.byte	0x2
 776 00ff 0000 0000 		.long	.LM9
 777 0103 04        		.byte	0x4
 778 0104 02        		.uleb128 0x2
GAS LISTING C:\Users\Bilel\AppData\Local\Temp/cc9DNFGO.s 			page 15


 779 0105 66        		.byte	0x66
 780 0106 00        		.byte	0x0
 781 0107 05        		.uleb128 0x5
 782 0108 02        		.byte	0x2
 783 0109 0000 0000 		.long	.LM10
 784 010d 04        		.byte	0x4
 785 010e 01        		.uleb128 0x1
 786 010f 03        		.byte	0x3
 787 0110 AE7F      		.sleb128 -82
 788 0112 01        		.byte	0x1
 789 0113 00        		.byte	0x0
 790 0114 05        		.uleb128 0x5
 791 0115 02        		.byte	0x2
 792 0116 0000 0000 		.long	.LM11
 793 011a 04        		.byte	0x4
 794 011b 02        		.uleb128 0x2
 795 011c 66        		.byte	0x66
 796 011d 00        		.byte	0x0
 797 011e 05        		.uleb128 0x5
 798 011f 02        		.byte	0x2
 799 0120 0000 0000 		.long	.LM12
 800 0124 04        		.byte	0x4
 801 0125 03        		.uleb128 0x3
 802 0126 27        		.byte	0x27
 803 0127 00        		.byte	0x0
 804 0128 05        		.uleb128 0x5
 805 0129 02        		.byte	0x2
 806 012a 0000 0000 		.long	.LM13
 807 012e 10        		.byte	0x10
 808 012f 00        		.byte	0x0
 809 0130 05        		.uleb128 0x5
 810 0131 02        		.byte	0x2
 811 0132 0000 0000 		.long	.LM14
 812 0136 04        		.byte	0x4
 813 0137 01        		.uleb128 0x1
 814 0138 03        		.byte	0x3
 815 0139 9E7F      		.sleb128 -98
 816 013b 01        		.byte	0x1
 817 013c 00        		.byte	0x0
 818 013d 05        		.uleb128 0x5
 819 013e 02        		.byte	0x2
 820 013f 0000 0000 		.long	.Letext0
 821 0143 00        		.byte	0x0
 822 0144 01        		.uleb128 0x1
 823 0145 01        		.byte	0x1
 824               	.LELT0:
 825 0146 1600 0000 		.section	.debug_str,"MS",@progbits,1
 825      0200 1000 
 825      0000 0101 
 825      FB0E 0A00 
 825      0101 0101 
 826               	.LASF21:
 827 0000 636F 756E 		.string	"counter"
 827      7465 7200 
 828               	.LASF1:
 829 0008 756E 7369 		.string	"unsigned char"
 829      676E 6564 
GAS LISTING C:\Users\Bilel\AppData\Local\Temp/cc9DNFGO.s 			page 16


 829      2063 6861 
 829      7200 
 830               	.LASF7:
 831 0016 5F64 656C 		.string	"_delay_loop_2"
 831      6179 5F6C 
 831      6F6F 705F 
 831      3200 
 832               	.LASF4:
 833 0024 6C6F 6E67 		.string	"long unsigned int"
 833      2075 6E73 
 833      6967 6E65 
 833      6420 696E 
 833      7400 
 834               	.LASF8:
 835 0036 5F64 656C 		.string	"_delay_ms"
 835      6179 5F6D 
 835      7300 
 836               	.LASF15:
 837 0040 474E 5520 		.string	"GNU C 4.3.3"
 837      4320 342E 
 837      332E 3300 
 838               	.LASF13:
 839 004c 646F 7562 		.string	"double"
 839      6C65 00
 840               	.LASF12:
 841 0053 5F5F 746D 		.string	"__tmp"
 841      7000 
 842               	.LASF20:
 843 0059 6D61 696E 		.string	"main"
 843      00
 844               	.LASF19:
 845 005e 7761 6974 		.string	"wait"
 845      00
 846               	.LASF2:
 847 0063 756E 7369 		.string	"unsigned int"
 847      676E 6564 
 847      2069 6E74 
 847      00
 848               	.LASF6:
 849 0070 6C6F 6E67 		.string	"long long unsigned int"
 849      206C 6F6E 
 849      6720 756E 
 849      7369 676E 
 849      6564 2069 
 850               	.LASF17:
 851 0087 433A 5C55 		.string	"C:\\Users\\Bilel\\Documents\\GitHub\\MicroControllers\\week 1\\B4"
 851      7365 7273 
 851      5C42 696C 
 851      656C 5C44 
 851      6F63 756D 
 852               	.LASF5:
 853 00c2 6C6F 6E67 		.string	"long long int"
 853      206C 6F6E 
 853      6720 696E 
 853      7400 
 854               	.LASF16:
 855 00d0 6D61 696E 		.string	"main.c"
GAS LISTING C:\Users\Bilel\AppData\Local\Temp/cc9DNFGO.s 			page 17


 855      2E63 00
 856               	.LASF14:
 857 00d7 6368 6172 		.string	"char"
 857      00
 858               	.LASF9:
 859 00dc 5F5F 636F 		.string	"__count"
 859      756E 7400 
 860               	.LASF18:
 861 00e4 7569 6E74 		.string	"uint16_t"
 861      3136 5F74 
 861      00
 862               	.LASF11:
 863 00ed 5F5F 7469 		.string	"__ticks"
 863      636B 7300 
 864               	.LASF3:
 865 00f5 6C6F 6E67 		.string	"long int"
 865      2069 6E74 
 865      00
 866               	.LASF0:
 867 00fe 7369 676E 		.string	"signed char"
 867      6564 2063 
 867      6861 7200 
 868               	.LASF10:
 869 010a 5F5F 6D73 		.string	"__ms"
 869      00
GAS LISTING C:\Users\Bilel\AppData\Local\Temp/cc9DNFGO.s 			page 18


DEFINED SYMBOLS
                            *ABS*:00000000 main.c
C:\Users\Bilel\AppData\Local\Temp/cc9DNFGO.s:2      *ABS*:0000003f __SREG__
C:\Users\Bilel\AppData\Local\Temp/cc9DNFGO.s:3      *ABS*:0000003e __SP_H__
C:\Users\Bilel\AppData\Local\Temp/cc9DNFGO.s:4      *ABS*:0000003d __SP_L__
C:\Users\Bilel\AppData\Local\Temp/cc9DNFGO.s:5      *ABS*:00000034 __CCP__
C:\Users\Bilel\AppData\Local\Temp/cc9DNFGO.s:6      *ABS*:00000000 __tmp_reg__
C:\Users\Bilel\AppData\Local\Temp/cc9DNFGO.s:7      *ABS*:00000001 __zero_reg__
C:\Users\Bilel\AppData\Local\Temp/cc9DNFGO.s:18     .text:00000000 wait
C:\Users\Bilel\AppData\Local\Temp/cc9DNFGO.s:59     .text:00000016 main

NO UNDEFINED SYMBOLS
