GAS LISTING C:\Users\Bilel\AppData\Local\Temp/cciTSqzi.s 			page 1


   1               		.file	"main.c"
   2               	__SREG__ = 0x3f
   3               	__SP_H__ = 0x3e
   4               	__SP_L__ = 0x3d
   5               	__CCP__  = 0x34
   6               	__tmp_reg__ = 0
   7               	__zero_reg__ = 1
   8               		.section	.debug_abbrev,"",@progbits
   9               	.Ldebug_abbrev0:
  10               		.section	.debug_info,"",@progbits
  11               	.Ldebug_info0:
  12               		.section	.debug_line,"",@progbits
  13               	.Ldebug_line0:
  14               		.text
  15               	.Ltext0:
  16               	.global	wait
  17               		.type	wait, @function
  18               	wait:
  19               	.LFB6:
  20               	.LM1:
  21               	.LVL0:
  22               	/* prologue: function */
  23               	/* frame size = 0 */
  24               	.LBB20:
  25               	.LBB21:
  26               	.LBB22:
  27               	.LBB23:
  28               	.LM2:
  29 0000 20ED      		ldi r18,lo8(2000)
  30 0002 37E0      		ldi r19,hi8(2000)
  31 0004 00C0      		rjmp .L2
  32               	.LVL1:
  33               	.L3:
  34 0006 F901      		movw r30,r18
  35               	/* #APP */
  36               	 ;  105 "c:/winavr-20100110/lib/gcc/../../avr/include/util/delay_basic.h" 1
  37 0008 3197      		1: sbiw r30,1
  38 000a 01F4      		brne 1b
  39               	 ;  0 "" 2
  40               	/* #NOAPP */
  41               	.LBE23:
  42               	.LBE22:
  43               	.LBE21:
  44               	.LBE20:
  45               	.LM3:
  46 000c 0197      		sbiw r24,1
  47               	.L2:
  48               	.LM4:
  49 000e 1816      		cp __zero_reg__,r24
  50 0010 1906      		cpc __zero_reg__,r25
  51 0012 04F0      		brlt .L3
  52               	/* epilogue start */
  53               	.LM5:
  54 0014 0895      		ret
  55               	.LFE6:
  56               		.size	wait, .-wait
  57               	.global	main
GAS LISTING C:\Users\Bilel\AppData\Local\Temp/cciTSqzi.s 			page 2


  58               		.type	main, @function
  59               	main:
  60               	.LFB7:
  61               	.LM6:
  62 0016 A8E0      		ldi r26,lo8(8)
  63 0018 B0E0      		ldi r27,hi8(8)
  64 001a E0E0      		ldi r30,lo8(gs(1f))
  65 001c F0E0      		ldi r31,hi8(gs(1f))
  66 001e 0C94 0000 		jmp __prologue_saves__+((18 - 2) * 2)
  67               	1:
  68               	/* prologue: function */
  69               	/* frame size = 8 */
  70               	.LM7:
  71 0022 DE01      		movw r26,r28
  72 0024 1196      		adiw r26,1
  73 0026 E0E0      		ldi r30,lo8(C.0.1131)
  74 0028 F0E0      		ldi r31,hi8(C.0.1131)
  75 002a 88E0      		ldi r24,lo8(8)
  76               	.L6:
  77 002c 0190      		ld r0,Z+
  78 002e 0D92      		st X+,r0
  79 0030 8150      		subi r24,lo8(-(-1))
  80 0032 01F4      		brne .L6
  81               	.LM8:
  82 0034 8FEF      		ldi r24,lo8(-1)
  83 0036 81BB      		out 49-32,r24
  84 0038 28E0      		ldi r18,lo8(8)
  85               	.LVL2:
  86               	.LBB24:
  87               	.LBB25:
  88               	.LBB26:
  89               	.LBB27:
  90               	.LBB28:
  91               	.LBB29:
  92               	.LBB30:
  93               	.LM9:
  94 003a 40ED      		ldi r20,lo8(2000)
  95 003c 57E0      		ldi r21,hi8(2000)
  96               	.LVL3:
  97               	.L14:
  98               	.LBE30:
  99               	.LBE29:
 100               	.LBE28:
 101               	.LBE27:
 102               	.LBE26:
 103               	.LBE25:
 104               	.LM10:
 105 003e E22F      		mov r30,r18
 106 0040 FF27      		clr r31
 107 0042 E7FD      		sbrc r30,7
 108 0044 F095      		com r31
 109               	.LVL4:
 110 0046 EC0F      		add r30,r28
 111 0048 FD1F      		adc r31,r29
 112               	.LVL5:
 113 004a 8081      		ld r24,Z
 114               	.LVL6:
GAS LISTING C:\Users\Bilel\AppData\Local\Temp/cciTSqzi.s 			page 3


 115 004c 82BB      		out 50-32,r24
 116               	.LM11:
 117 004e 2150      		subi r18,lo8(-(-1))
 118               	.LVL7:
 119 0050 84E6      		ldi r24,lo8(100)
 120 0052 90E0      		ldi r25,hi8(100)
 121               	.LVL8:
 122               	.L7:
 123               	.LBB36:
 124               	.LBB35:
 125               	.LBB34:
 126               	.LBB33:
 127               	.LBB32:
 128               	.LBB31:
 129               	.LM12:
 130 0054 FA01      		movw r30,r20
 131               	.LVL9:
 132               	/* #APP */
 133               	 ;  105 "c:/winavr-20100110/lib/gcc/../../avr/include/util/delay_basic.h" 1
 134 0056 3197      		1: sbiw r30,1
 135 0058 01F4      		brne 1b
 136               	 ;  0 "" 2
 137               	/* #NOAPP */
 138               	.LBE31:
 139               	.LBE32:
 140               	.LBE33:
 141               	.LBE34:
 142               	.LM13:
 143 005a 0197      		sbiw r24,1
 144               	.LM14:
 145 005c 01F4      		brne .L7
 146               	.LBE35:
 147               	.LBE36:
 148               	.LM15:
 149 005e 1216      		cp __zero_reg__,r18
 150 0060 04F0      		brlt .L14
 151 0062 28E0      		ldi r18,lo8(8)
 152 0064 00C0      		rjmp .L14
 153               	.LBE24:
 154               	.LFE7:
 155               		.size	main, .-main
 156               		.data
 157               		.type	C.0.1131, @object
 158               		.size	C.0.1131, 8
 159               	C.0.1131:
 160 0000 01        		.byte	1
 161 0001 02        		.byte	2
 162 0002 04        		.byte	4
 163 0003 08        		.byte	8
 164 0004 10        		.byte	16
 165 0005 20        		.byte	32
 166 0006 40        		.byte	64
 167 0007 80        		.byte	-128
 168               		.section	.debug_frame,"",@progbits
 169               	.Lframe0:
 170 0000 0C00 0000 		.long	.LECIE0-.LSCIE0
 171               	.LSCIE0:
GAS LISTING C:\Users\Bilel\AppData\Local\Temp/cciTSqzi.s 			page 4


 172 0004 FFFF FFFF 		.long	0xffffffff
 173 0008 01        		.byte	0x1
 174 0009 00        		.string	""
 175 000a 01        		.uleb128 0x1
 176 000b 7F        		.sleb128 -1
 177 000c 24        		.byte	0x24
 178 000d 0C        		.byte	0xc
 179 000e 20        		.uleb128 0x20
 180 000f 00        		.uleb128 0x0
 181               		.p2align	2
 182               	.LECIE0:
 183               	.LSFDE0:
 184 0010 0C00 0000 		.long	.LEFDE0-.LASFDE0
 185               	.LASFDE0:
 186 0014 0000 0000 		.long	.Lframe0
 187 0018 0000 0000 		.long	.LFB6
 188 001c 1600 0000 		.long	.LFE6-.LFB6
 189               		.p2align	2
 190               	.LEFDE0:
 191               	.LSFDE2:
 192 0020 0C00 0000 		.long	.LEFDE2-.LASFDE2
 193               	.LASFDE2:
 194 0024 0000 0000 		.long	.Lframe0
 195 0028 0000 0000 		.long	.LFB7
 196 002c 5000 0000 		.long	.LFE7-.LFB7
 197               		.p2align	2
 198               	.LEFDE2:
 199               		.text
 200               	.Letext0:
 201               		.section	.debug_loc,"",@progbits
 202               	.Ldebug_loc0:
 203               	.LLST2:
 204 0000 3A00 0000 		.long	.LVL2-.Ltext0
 205 0004 4600 0000 		.long	.LVL4-.Ltext0
 206 0008 0100      		.word	0x1
 207 000a 62        		.byte	0x62
 208 000b 4600 0000 		.long	.LVL4-.Ltext0
 209 000f 5000 0000 		.long	.LVL7-.Ltext0
 210 0013 0100      		.word	0x1
 211 0015 6E        		.byte	0x6e
 212 0016 5000 0000 		.long	.LVL7-.Ltext0
 213 001a 6600 0000 		.long	.LFE7-.Ltext0
 214 001e 0100      		.word	0x1
 215 0020 62        		.byte	0x62
 216 0021 0000 0000 		.long	0x0
 217 0025 0000 0000 		.long	0x0
 218               	.LLST3:
 219 0029 3E00 0000 		.long	.LVL3-.Ltext0
 220 002d 4C00 0000 		.long	.LVL6-.Ltext0
 221 0031 0600      		.word	0x6
 222 0033 68        		.byte	0x68
 223 0034 93        		.byte	0x93
 224 0035 01        		.uleb128 0x1
 225 0036 69        		.byte	0x69
 226 0037 93        		.byte	0x93
 227 0038 01        		.uleb128 0x1
 228 0039 5400 0000 		.long	.LVL8-.Ltext0
GAS LISTING C:\Users\Bilel\AppData\Local\Temp/cciTSqzi.s 			page 5


 229 003d 6600 0000 		.long	.LFE7-.Ltext0
 230 0041 0600      		.word	0x6
 231 0043 68        		.byte	0x68
 232 0044 93        		.byte	0x93
 233 0045 01        		.uleb128 0x1
 234 0046 69        		.byte	0x69
 235 0047 93        		.byte	0x93
 236 0048 01        		.uleb128 0x1
 237 0049 0000 0000 		.long	0x0
 238 004d 0000 0000 		.long	0x0
 239               	.LLST4:
 240 0051 3E00 0000 		.long	.LVL3-.Ltext0
 241 0055 4600 0000 		.long	.LVL4-.Ltext0
 242 0059 0600      		.word	0x6
 243 005b 6E        		.byte	0x6e
 244 005c 93        		.byte	0x93
 245 005d 01        		.uleb128 0x1
 246 005e 6F        		.byte	0x6f
 247 005f 93        		.byte	0x93
 248 0060 01        		.uleb128 0x1
 249 0061 5600 0000 		.long	.LVL9-.Ltext0
 250 0065 6600 0000 		.long	.LFE7-.Ltext0
 251 0069 0600      		.word	0x6
 252 006b 6E        		.byte	0x6e
 253 006c 93        		.byte	0x93
 254 006d 01        		.uleb128 0x1
 255 006e 6F        		.byte	0x6f
 256 006f 93        		.byte	0x93
 257 0070 01        		.uleb128 0x1
 258 0071 0000 0000 		.long	0x0
 259 0075 0000 0000 		.long	0x0
 260               		.section	.debug_info
 261 0000 E801 0000 		.long	0x1e8
 262 0004 0200      		.word	0x2
 263 0006 0000 0000 		.long	.Ldebug_abbrev0
 264 000a 04        		.byte	0x4
 265 000b 01        		.uleb128 0x1
 266 000c 0000 0000 		.long	.LASF19
 267 0010 01        		.byte	0x1
 268 0011 0000 0000 		.long	.LASF20
 269 0015 0000 0000 		.long	.LASF21
 270 0019 0000 0000 		.long	.Ltext0
 271 001d 0000 0000 		.long	.Letext0
 272 0021 0000 0000 		.long	.Ldebug_line0
 273 0025 02        		.uleb128 0x2
 274 0026 01        		.byte	0x1
 275 0027 06        		.byte	0x6
 276 0028 0000 0000 		.long	.LASF0
 277 002c 02        		.uleb128 0x2
 278 002d 01        		.byte	0x1
 279 002e 08        		.byte	0x8
 280 002f 0000 0000 		.long	.LASF1
 281 0033 03        		.uleb128 0x3
 282 0034 02        		.byte	0x2
 283 0035 05        		.byte	0x5
 284 0036 696E 7400 		.string	"int"
 285 003a 04        		.uleb128 0x4
GAS LISTING C:\Users\Bilel\AppData\Local\Temp/cciTSqzi.s 			page 6


 286 003b 0000 0000 		.long	.LASF7
 287 003f 03        		.byte	0x3
 288 0040 7C        		.byte	0x7c
 289 0041 4500 0000 		.long	0x45
 290 0045 02        		.uleb128 0x2
 291 0046 02        		.byte	0x2
 292 0047 07        		.byte	0x7
 293 0048 0000 0000 		.long	.LASF2
 294 004c 02        		.uleb128 0x2
 295 004d 04        		.byte	0x4
 296 004e 05        		.byte	0x5
 297 004f 0000 0000 		.long	.LASF3
 298 0053 02        		.uleb128 0x2
 299 0054 04        		.byte	0x4
 300 0055 07        		.byte	0x7
 301 0056 0000 0000 		.long	.LASF4
 302 005a 02        		.uleb128 0x2
 303 005b 08        		.byte	0x8
 304 005c 05        		.byte	0x5
 305 005d 0000 0000 		.long	.LASF5
 306 0061 02        		.uleb128 0x2
 307 0062 08        		.byte	0x8
 308 0063 07        		.byte	0x7
 309 0064 0000 0000 		.long	.LASF6
 310 0068 05        		.uleb128 0x5
 311 0069 01        		.byte	0x1
 312 006a 01        		.byte	0x1
 313 006b 10        		.byte	0x10
 314 006c 7F00 0000 		.long	0x7f
 315 0070 06        		.uleb128 0x6
 316 0071 0000 0000 		.long	.LASF22
 317 0075 01        		.byte	0x1
 318 0076 11        		.byte	0x11
 319 0077 2C00 0000 		.long	0x2c
 320 007b 02        		.byte	0x2
 321 007c 23        		.byte	0x23
 322 007d 00        		.uleb128 0x0
 323 007e 00        		.byte	0x0
 324 007f 04        		.uleb128 0x4
 325 0080 0000 0000 		.long	.LASF8
 326 0084 01        		.byte	0x1
 327 0085 12        		.byte	0x12
 328 0086 6800 0000 		.long	0x68
 329 008a 07        		.uleb128 0x7
 330 008b 0000 0000 		.long	.LASF9
 331 008f 02        		.byte	0x2
 332 0090 68        		.byte	0x68
 333 0091 01        		.byte	0x1
 334 0092 03        		.byte	0x3
 335 0093 A300 0000 		.long	0xa3
 336 0097 08        		.uleb128 0x8
 337 0098 0000 0000 		.long	.LASF11
 338 009c 02        		.byte	0x2
 339 009d 67        		.byte	0x67
 340 009e 3A00 0000 		.long	0x3a
 341 00a2 00        		.byte	0x0
 342 00a3 07        		.uleb128 0x7
GAS LISTING C:\Users\Bilel\AppData\Local\Temp/cciTSqzi.s 			page 7


 343 00a4 0000 0000 		.long	.LASF10
 344 00a8 04        		.byte	0x4
 345 00a9 6F        		.byte	0x6f
 346 00aa 01        		.byte	0x1
 347 00ab 03        		.byte	0x3
 348 00ac D400 0000 		.long	0xd4
 349 00b0 08        		.uleb128 0x8
 350 00b1 0000 0000 		.long	.LASF12
 351 00b5 04        		.byte	0x4
 352 00b6 6E        		.byte	0x6e
 353 00b7 D400 0000 		.long	0xd4
 354 00bb 09        		.uleb128 0x9
 355 00bc 0000 0000 		.long	.LASF13
 356 00c0 04        		.byte	0x4
 357 00c1 70        		.byte	0x70
 358 00c2 3A00 0000 		.long	0x3a
 359 00c6 09        		.uleb128 0x9
 360 00c7 0000 0000 		.long	.LASF14
 361 00cb 04        		.byte	0x4
 362 00cc 71        		.byte	0x71
 363 00cd D400 0000 		.long	0xd4
 364 00d1 0A        		.uleb128 0xa
 365 00d2 0A        		.uleb128 0xa
 366 00d3 00        		.byte	0x0
 367 00d4 02        		.uleb128 0x2
 368 00d5 04        		.byte	0x4
 369 00d6 04        		.byte	0x4
 370 00d7 0000 0000 		.long	.LASF15
 371 00db 0B        		.uleb128 0xb
 372 00dc 01        		.byte	0x1
 373 00dd 0000 0000 		.long	.LASF23
 374 00e1 01        		.byte	0x1
 375 00e2 09        		.byte	0x9
 376 00e3 01        		.byte	0x1
 377 00e4 01        		.byte	0x1
 378 00e5 FA00 0000 		.long	0xfa
 379 00e9 0C        		.uleb128 0xc
 380 00ea 6D73 00   		.string	"ms"
 381 00ed 01        		.byte	0x1
 382 00ee 08        		.byte	0x8
 383 00ef 3300 0000 		.long	0x33
 384 00f3 0D        		.uleb128 0xd
 385 00f4 0D        		.uleb128 0xd
 386 00f5 0A        		.uleb128 0xa
 387 00f6 0A        		.uleb128 0xa
 388 00f7 00        		.byte	0x0
 389 00f8 00        		.byte	0x0
 390 00f9 00        		.byte	0x0
 391 00fa 0E        		.uleb128 0xe
 392 00fb DB00 0000 		.long	0xdb
 393 00ff 0000 0000 		.long	.LFB6
 394 0103 0000 0000 		.long	.LFE6
 395 0107 02        		.byte	0x2
 396 0108 90        		.byte	0x90
 397 0109 20        		.uleb128 0x20
 398 010a 5101 0000 		.long	0x151
 399 010e 0F        		.uleb128 0xf
GAS LISTING C:\Users\Bilel\AppData\Local\Temp/cciTSqzi.s 			page 8


 400 010f E900 0000 		.long	0xe9
 401 0113 06        		.byte	0x6
 402 0114 68        		.byte	0x68
 403 0115 93        		.byte	0x93
 404 0116 01        		.uleb128 0x1
 405 0117 69        		.byte	0x69
 406 0118 93        		.byte	0x93
 407 0119 01        		.uleb128 0x1
 408 011a 10        		.uleb128 0x10
 409 011b A300 0000 		.long	0xa3
 410 011f 0000 0000 		.long	.LBB20
 411 0123 0000 0000 		.long	.LBE20
 412 0127 01        		.byte	0x1
 413 0128 0B        		.byte	0xb
 414 0129 11        		.uleb128 0x11
 415 012a 0000 0000 		.long	.LBB21
 416 012e 0000 0000 		.long	.LBE21
 417 0132 10        		.uleb128 0x10
 418 0133 8A00 0000 		.long	0x8a
 419 0137 0000 0000 		.long	.LBB22
 420 013b 0000 0000 		.long	.LBE22
 421 013f 04        		.byte	0x4
 422 0140 82        		.byte	0x82
 423 0141 0F        		.uleb128 0xf
 424 0142 9700 0000 		.long	0x97
 425 0146 06        		.byte	0x6
 426 0147 6E        		.byte	0x6e
 427 0148 93        		.byte	0x93
 428 0149 01        		.uleb128 0x1
 429 014a 6F        		.byte	0x6f
 430 014b 93        		.byte	0x93
 431 014c 01        		.uleb128 0x1
 432 014d 00        		.byte	0x0
 433 014e 00        		.byte	0x0
 434 014f 00        		.byte	0x0
 435 0150 00        		.byte	0x0
 436 0151 12        		.uleb128 0x12
 437 0152 01        		.byte	0x1
 438 0153 0000 0000 		.long	.LASF24
 439 0157 01        		.byte	0x1
 440 0158 15        		.byte	0x15
 441 0159 01        		.byte	0x1
 442 015a 3300 0000 		.long	0x33
 443 015e 0000 0000 		.long	.LFB7
 444 0162 0000 0000 		.long	.LFE7
 445 0166 02        		.byte	0x2
 446 0167 90        		.byte	0x90
 447 0168 20        		.uleb128 0x20
 448 0169 D101 0000 		.long	0x1d1
 449 016d 13        		.uleb128 0x13
 450 016e 0000 0000 		.long	.LASF16
 451 0172 01        		.byte	0x1
 452 0173 17        		.byte	0x17
 453 0174 D101 0000 		.long	0x1d1
 454 0178 02        		.byte	0x2
 455 0179 8C        		.byte	0x8c
 456 017a 01        		.sleb128 1
GAS LISTING C:\Users\Bilel\AppData\Local\Temp/cciTSqzi.s 			page 9


 457 017b 11        		.uleb128 0x11
 458 017c 0000 0000 		.long	.LBB24
 459 0180 0000 0000 		.long	.LBE24
 460 0184 14        		.uleb128 0x14
 461 0185 0000 0000 		.long	.LASF17
 462 0189 01        		.byte	0x1
 463 018a 1D        		.byte	0x1d
 464 018b E401 0000 		.long	0x1e4
 465 018f 0000 0000 		.long	.LLST2
 466 0193 15        		.uleb128 0x15
 467 0194 DB00 0000 		.long	0xdb
 468 0198 0000 0000 		.long	.Ldebug_ranges0+0x0
 469 019c 01        		.byte	0x1
 470 019d 22        		.byte	0x22
 471 019e 16        		.uleb128 0x16
 472 019f 0E01 0000 		.long	0x10e
 473 01a3 0000 0000 		.long	.LLST3
 474 01a7 15        		.uleb128 0x15
 475 01a8 A300 0000 		.long	0xa3
 476 01ac 0000 0000 		.long	.Ldebug_ranges0+0x18
 477 01b0 01        		.byte	0x1
 478 01b1 0B        		.byte	0xb
 479 01b2 17        		.uleb128 0x17
 480 01b3 0000 0000 		.long	.Ldebug_ranges0+0x30
 481 01b7 15        		.uleb128 0x15
 482 01b8 8A00 0000 		.long	0x8a
 483 01bc 0000 0000 		.long	.Ldebug_ranges0+0x48
 484 01c0 04        		.byte	0x4
 485 01c1 82        		.byte	0x82
 486 01c2 16        		.uleb128 0x16
 487 01c3 9700 0000 		.long	0x97
 488 01c7 0000 0000 		.long	.LLST4
 489 01cb 00        		.byte	0x0
 490 01cc 00        		.byte	0x0
 491 01cd 00        		.byte	0x0
 492 01ce 00        		.byte	0x0
 493 01cf 00        		.byte	0x0
 494 01d0 00        		.byte	0x0
 495 01d1 18        		.uleb128 0x18
 496 01d2 7F00 0000 		.long	0x7f
 497 01d6 E101 0000 		.long	0x1e1
 498 01da 19        		.uleb128 0x19
 499 01db E101 0000 		.long	0x1e1
 500 01df 07        		.byte	0x7
 501 01e0 00        		.byte	0x0
 502 01e1 1A        		.uleb128 0x1a
 503 01e2 02        		.byte	0x2
 504 01e3 07        		.byte	0x7
 505 01e4 02        		.uleb128 0x2
 506 01e5 01        		.byte	0x1
 507 01e6 06        		.byte	0x6
 508 01e7 0000 0000 		.long	.LASF18
 509 01eb 00        		.byte	0x0
 510               		.section	.debug_abbrev
 511 0000 01        		.uleb128 0x1
 512 0001 11        		.uleb128 0x11
 513 0002 01        		.byte	0x1
GAS LISTING C:\Users\Bilel\AppData\Local\Temp/cciTSqzi.s 			page 10


 514 0003 25        		.uleb128 0x25
 515 0004 0E        		.uleb128 0xe
 516 0005 13        		.uleb128 0x13
 517 0006 0B        		.uleb128 0xb
 518 0007 03        		.uleb128 0x3
 519 0008 0E        		.uleb128 0xe
 520 0009 1B        		.uleb128 0x1b
 521 000a 0E        		.uleb128 0xe
 522 000b 11        		.uleb128 0x11
 523 000c 01        		.uleb128 0x1
 524 000d 12        		.uleb128 0x12
 525 000e 01        		.uleb128 0x1
 526 000f 10        		.uleb128 0x10
 527 0010 06        		.uleb128 0x6
 528 0011 00        		.byte	0x0
 529 0012 00        		.byte	0x0
 530 0013 02        		.uleb128 0x2
 531 0014 24        		.uleb128 0x24
 532 0015 00        		.byte	0x0
 533 0016 0B        		.uleb128 0xb
 534 0017 0B        		.uleb128 0xb
 535 0018 3E        		.uleb128 0x3e
 536 0019 0B        		.uleb128 0xb
 537 001a 03        		.uleb128 0x3
 538 001b 0E        		.uleb128 0xe
 539 001c 00        		.byte	0x0
 540 001d 00        		.byte	0x0
 541 001e 03        		.uleb128 0x3
 542 001f 24        		.uleb128 0x24
 543 0020 00        		.byte	0x0
 544 0021 0B        		.uleb128 0xb
 545 0022 0B        		.uleb128 0xb
 546 0023 3E        		.uleb128 0x3e
 547 0024 0B        		.uleb128 0xb
 548 0025 03        		.uleb128 0x3
 549 0026 08        		.uleb128 0x8
 550 0027 00        		.byte	0x0
 551 0028 00        		.byte	0x0
 552 0029 04        		.uleb128 0x4
 553 002a 16        		.uleb128 0x16
 554 002b 00        		.byte	0x0
 555 002c 03        		.uleb128 0x3
 556 002d 0E        		.uleb128 0xe
 557 002e 3A        		.uleb128 0x3a
 558 002f 0B        		.uleb128 0xb
 559 0030 3B        		.uleb128 0x3b
 560 0031 0B        		.uleb128 0xb
 561 0032 49        		.uleb128 0x49
 562 0033 13        		.uleb128 0x13
 563 0034 00        		.byte	0x0
 564 0035 00        		.byte	0x0
 565 0036 05        		.uleb128 0x5
 566 0037 13        		.uleb128 0x13
 567 0038 01        		.byte	0x1
 568 0039 0B        		.uleb128 0xb
 569 003a 0B        		.uleb128 0xb
 570 003b 3A        		.uleb128 0x3a
GAS LISTING C:\Users\Bilel\AppData\Local\Temp/cciTSqzi.s 			page 11


 571 003c 0B        		.uleb128 0xb
 572 003d 3B        		.uleb128 0x3b
 573 003e 0B        		.uleb128 0xb
 574 003f 01        		.uleb128 0x1
 575 0040 13        		.uleb128 0x13
 576 0041 00        		.byte	0x0
 577 0042 00        		.byte	0x0
 578 0043 06        		.uleb128 0x6
 579 0044 0D        		.uleb128 0xd
 580 0045 00        		.byte	0x0
 581 0046 03        		.uleb128 0x3
 582 0047 0E        		.uleb128 0xe
 583 0048 3A        		.uleb128 0x3a
 584 0049 0B        		.uleb128 0xb
 585 004a 3B        		.uleb128 0x3b
 586 004b 0B        		.uleb128 0xb
 587 004c 49        		.uleb128 0x49
 588 004d 13        		.uleb128 0x13
 589 004e 38        		.uleb128 0x38
 590 004f 0A        		.uleb128 0xa
 591 0050 00        		.byte	0x0
 592 0051 00        		.byte	0x0
 593 0052 07        		.uleb128 0x7
 594 0053 2E        		.uleb128 0x2e
 595 0054 01        		.byte	0x1
 596 0055 03        		.uleb128 0x3
 597 0056 0E        		.uleb128 0xe
 598 0057 3A        		.uleb128 0x3a
 599 0058 0B        		.uleb128 0xb
 600 0059 3B        		.uleb128 0x3b
 601 005a 0B        		.uleb128 0xb
 602 005b 27        		.uleb128 0x27
 603 005c 0C        		.uleb128 0xc
 604 005d 20        		.uleb128 0x20
 605 005e 0B        		.uleb128 0xb
 606 005f 01        		.uleb128 0x1
 607 0060 13        		.uleb128 0x13
 608 0061 00        		.byte	0x0
 609 0062 00        		.byte	0x0
 610 0063 08        		.uleb128 0x8
 611 0064 05        		.uleb128 0x5
 612 0065 00        		.byte	0x0
 613 0066 03        		.uleb128 0x3
 614 0067 0E        		.uleb128 0xe
 615 0068 3A        		.uleb128 0x3a
 616 0069 0B        		.uleb128 0xb
 617 006a 3B        		.uleb128 0x3b
 618 006b 0B        		.uleb128 0xb
 619 006c 49        		.uleb128 0x49
 620 006d 13        		.uleb128 0x13
 621 006e 00        		.byte	0x0
 622 006f 00        		.byte	0x0
 623 0070 09        		.uleb128 0x9
 624 0071 34        		.uleb128 0x34
 625 0072 00        		.byte	0x0
 626 0073 03        		.uleb128 0x3
 627 0074 0E        		.uleb128 0xe
GAS LISTING C:\Users\Bilel\AppData\Local\Temp/cciTSqzi.s 			page 12


 628 0075 3A        		.uleb128 0x3a
 629 0076 0B        		.uleb128 0xb
 630 0077 3B        		.uleb128 0x3b
 631 0078 0B        		.uleb128 0xb
 632 0079 49        		.uleb128 0x49
 633 007a 13        		.uleb128 0x13
 634 007b 00        		.byte	0x0
 635 007c 00        		.byte	0x0
 636 007d 0A        		.uleb128 0xa
 637 007e 0B        		.uleb128 0xb
 638 007f 00        		.byte	0x0
 639 0080 00        		.byte	0x0
 640 0081 00        		.byte	0x0
 641 0082 0B        		.uleb128 0xb
 642 0083 2E        		.uleb128 0x2e
 643 0084 01        		.byte	0x1
 644 0085 3F        		.uleb128 0x3f
 645 0086 0C        		.uleb128 0xc
 646 0087 03        		.uleb128 0x3
 647 0088 0E        		.uleb128 0xe
 648 0089 3A        		.uleb128 0x3a
 649 008a 0B        		.uleb128 0xb
 650 008b 3B        		.uleb128 0x3b
 651 008c 0B        		.uleb128 0xb
 652 008d 27        		.uleb128 0x27
 653 008e 0C        		.uleb128 0xc
 654 008f 20        		.uleb128 0x20
 655 0090 0B        		.uleb128 0xb
 656 0091 01        		.uleb128 0x1
 657 0092 13        		.uleb128 0x13
 658 0093 00        		.byte	0x0
 659 0094 00        		.byte	0x0
 660 0095 0C        		.uleb128 0xc
 661 0096 05        		.uleb128 0x5
 662 0097 00        		.byte	0x0
 663 0098 03        		.uleb128 0x3
 664 0099 08        		.uleb128 0x8
 665 009a 3A        		.uleb128 0x3a
 666 009b 0B        		.uleb128 0xb
 667 009c 3B        		.uleb128 0x3b
 668 009d 0B        		.uleb128 0xb
 669 009e 49        		.uleb128 0x49
 670 009f 13        		.uleb128 0x13
 671 00a0 00        		.byte	0x0
 672 00a1 00        		.byte	0x0
 673 00a2 0D        		.uleb128 0xd
 674 00a3 0B        		.uleb128 0xb
 675 00a4 01        		.byte	0x1
 676 00a5 00        		.byte	0x0
 677 00a6 00        		.byte	0x0
 678 00a7 0E        		.uleb128 0xe
 679 00a8 2E        		.uleb128 0x2e
 680 00a9 01        		.byte	0x1
 681 00aa 31        		.uleb128 0x31
 682 00ab 13        		.uleb128 0x13
 683 00ac 11        		.uleb128 0x11
 684 00ad 01        		.uleb128 0x1
GAS LISTING C:\Users\Bilel\AppData\Local\Temp/cciTSqzi.s 			page 13


 685 00ae 12        		.uleb128 0x12
 686 00af 01        		.uleb128 0x1
 687 00b0 40        		.uleb128 0x40
 688 00b1 0A        		.uleb128 0xa
 689 00b2 01        		.uleb128 0x1
 690 00b3 13        		.uleb128 0x13
 691 00b4 00        		.byte	0x0
 692 00b5 00        		.byte	0x0
 693 00b6 0F        		.uleb128 0xf
 694 00b7 05        		.uleb128 0x5
 695 00b8 00        		.byte	0x0
 696 00b9 31        		.uleb128 0x31
 697 00ba 13        		.uleb128 0x13
 698 00bb 02        		.uleb128 0x2
 699 00bc 0A        		.uleb128 0xa
 700 00bd 00        		.byte	0x0
 701 00be 00        		.byte	0x0
 702 00bf 10        		.uleb128 0x10
 703 00c0 1D        		.uleb128 0x1d
 704 00c1 01        		.byte	0x1
 705 00c2 31        		.uleb128 0x31
 706 00c3 13        		.uleb128 0x13
 707 00c4 11        		.uleb128 0x11
 708 00c5 01        		.uleb128 0x1
 709 00c6 12        		.uleb128 0x12
 710 00c7 01        		.uleb128 0x1
 711 00c8 58        		.uleb128 0x58
 712 00c9 0B        		.uleb128 0xb
 713 00ca 59        		.uleb128 0x59
 714 00cb 0B        		.uleb128 0xb
 715 00cc 00        		.byte	0x0
 716 00cd 00        		.byte	0x0
 717 00ce 11        		.uleb128 0x11
 718 00cf 0B        		.uleb128 0xb
 719 00d0 01        		.byte	0x1
 720 00d1 11        		.uleb128 0x11
 721 00d2 01        		.uleb128 0x1
 722 00d3 12        		.uleb128 0x12
 723 00d4 01        		.uleb128 0x1
 724 00d5 00        		.byte	0x0
 725 00d6 00        		.byte	0x0
 726 00d7 12        		.uleb128 0x12
 727 00d8 2E        		.uleb128 0x2e
 728 00d9 01        		.byte	0x1
 729 00da 3F        		.uleb128 0x3f
 730 00db 0C        		.uleb128 0xc
 731 00dc 03        		.uleb128 0x3
 732 00dd 0E        		.uleb128 0xe
 733 00de 3A        		.uleb128 0x3a
 734 00df 0B        		.uleb128 0xb
 735 00e0 3B        		.uleb128 0x3b
 736 00e1 0B        		.uleb128 0xb
 737 00e2 27        		.uleb128 0x27
 738 00e3 0C        		.uleb128 0xc
 739 00e4 49        		.uleb128 0x49
 740 00e5 13        		.uleb128 0x13
 741 00e6 11        		.uleb128 0x11
GAS LISTING C:\Users\Bilel\AppData\Local\Temp/cciTSqzi.s 			page 14


 742 00e7 01        		.uleb128 0x1
 743 00e8 12        		.uleb128 0x12
 744 00e9 01        		.uleb128 0x1
 745 00ea 40        		.uleb128 0x40
 746 00eb 0A        		.uleb128 0xa
 747 00ec 01        		.uleb128 0x1
 748 00ed 13        		.uleb128 0x13
 749 00ee 00        		.byte	0x0
 750 00ef 00        		.byte	0x0
 751 00f0 13        		.uleb128 0x13
 752 00f1 34        		.uleb128 0x34
 753 00f2 00        		.byte	0x0
 754 00f3 03        		.uleb128 0x3
 755 00f4 0E        		.uleb128 0xe
 756 00f5 3A        		.uleb128 0x3a
 757 00f6 0B        		.uleb128 0xb
 758 00f7 3B        		.uleb128 0x3b
 759 00f8 0B        		.uleb128 0xb
 760 00f9 49        		.uleb128 0x49
 761 00fa 13        		.uleb128 0x13
 762 00fb 02        		.uleb128 0x2
 763 00fc 0A        		.uleb128 0xa
 764 00fd 00        		.byte	0x0
 765 00fe 00        		.byte	0x0
 766 00ff 14        		.uleb128 0x14
 767 0100 34        		.uleb128 0x34
 768 0101 00        		.byte	0x0
 769 0102 03        		.uleb128 0x3
 770 0103 0E        		.uleb128 0xe
 771 0104 3A        		.uleb128 0x3a
 772 0105 0B        		.uleb128 0xb
 773 0106 3B        		.uleb128 0x3b
 774 0107 0B        		.uleb128 0xb
 775 0108 49        		.uleb128 0x49
 776 0109 13        		.uleb128 0x13
 777 010a 02        		.uleb128 0x2
 778 010b 06        		.uleb128 0x6
 779 010c 00        		.byte	0x0
 780 010d 00        		.byte	0x0
 781 010e 15        		.uleb128 0x15
 782 010f 1D        		.uleb128 0x1d
 783 0110 01        		.byte	0x1
 784 0111 31        		.uleb128 0x31
 785 0112 13        		.uleb128 0x13
 786 0113 55        		.uleb128 0x55
 787 0114 06        		.uleb128 0x6
 788 0115 58        		.uleb128 0x58
 789 0116 0B        		.uleb128 0xb
 790 0117 59        		.uleb128 0x59
 791 0118 0B        		.uleb128 0xb
 792 0119 00        		.byte	0x0
 793 011a 00        		.byte	0x0
 794 011b 16        		.uleb128 0x16
 795 011c 05        		.uleb128 0x5
 796 011d 00        		.byte	0x0
 797 011e 31        		.uleb128 0x31
 798 011f 13        		.uleb128 0x13
GAS LISTING C:\Users\Bilel\AppData\Local\Temp/cciTSqzi.s 			page 15


 799 0120 02        		.uleb128 0x2
 800 0121 06        		.uleb128 0x6
 801 0122 00        		.byte	0x0
 802 0123 00        		.byte	0x0
 803 0124 17        		.uleb128 0x17
 804 0125 0B        		.uleb128 0xb
 805 0126 01        		.byte	0x1
 806 0127 55        		.uleb128 0x55
 807 0128 06        		.uleb128 0x6
 808 0129 00        		.byte	0x0
 809 012a 00        		.byte	0x0
 810 012b 18        		.uleb128 0x18
 811 012c 01        		.uleb128 0x1
 812 012d 01        		.byte	0x1
 813 012e 49        		.uleb128 0x49
 814 012f 13        		.uleb128 0x13
 815 0130 01        		.uleb128 0x1
 816 0131 13        		.uleb128 0x13
 817 0132 00        		.byte	0x0
 818 0133 00        		.byte	0x0
 819 0134 19        		.uleb128 0x19
 820 0135 21        		.uleb128 0x21
 821 0136 00        		.byte	0x0
 822 0137 49        		.uleb128 0x49
 823 0138 13        		.uleb128 0x13
 824 0139 2F        		.uleb128 0x2f
 825 013a 0B        		.uleb128 0xb
 826 013b 00        		.byte	0x0
 827 013c 00        		.byte	0x0
 828 013d 1A        		.uleb128 0x1a
 829 013e 24        		.uleb128 0x24
 830 013f 00        		.byte	0x0
 831 0140 0B        		.uleb128 0xb
 832 0141 0B        		.uleb128 0xb
 833 0142 3E        		.uleb128 0x3e
 834 0143 0B        		.uleb128 0xb
 835 0144 00        		.byte	0x0
 836 0145 00        		.byte	0x0
 837 0146 00        		.byte	0x0
 838               		.section	.debug_pubnames,"",@progbits
 839 0000 2000 0000 		.long	0x20
 840 0004 0200      		.word	0x2
 841 0006 0000 0000 		.long	.Ldebug_info0
 842 000a EC01 0000 		.long	0x1ec
 843 000e FA00 0000 		.long	0xfa
 844 0012 7761 6974 		.string	"wait"
 844      00
 845 0017 5101 0000 		.long	0x151
 846 001b 6D61 696E 		.string	"main"
 846      00
 847 0020 0000 0000 		.long	0x0
 848               		.section	.debug_aranges,"",@progbits
 849 0000 1C00 0000 		.long	0x1c
 850 0004 0200      		.word	0x2
 851 0006 0000 0000 		.long	.Ldebug_info0
 852 000a 04        		.byte	0x4
 853 000b 00        		.byte	0x0
GAS LISTING C:\Users\Bilel\AppData\Local\Temp/cciTSqzi.s 			page 16


 854 000c 0000      		.word	0x0
 855 000e 0000      		.word	0x0
 856 0010 0000 0000 		.long	.Ltext0
 857 0014 6600 0000 		.long	.Letext0-.Ltext0
 858 0018 0000 0000 		.long	0x0
 859 001c 0000 0000 		.long	0x0
 860               		.section	.debug_ranges,"",@progbits
 861               	.Ldebug_ranges0:
 862 0000 3A00 0000 		.long	.LBB25-.Ltext0
 863 0004 3E00 0000 		.long	.LBE25-.Ltext0
 864 0008 5400 0000 		.long	.LBB36-.Ltext0
 865 000c 5E00 0000 		.long	.LBE36-.Ltext0
 866 0010 0000 0000 		.long	0x0
 867 0014 0000 0000 		.long	0x0
 868 0018 3A00 0000 		.long	.LBB27-.Ltext0
 869 001c 3E00 0000 		.long	.LBE27-.Ltext0
 870 0020 5400 0000 		.long	.LBB34-.Ltext0
 871 0024 5A00 0000 		.long	.LBE34-.Ltext0
 872 0028 0000 0000 		.long	0x0
 873 002c 0000 0000 		.long	0x0
 874 0030 3A00 0000 		.long	.LBB28-.Ltext0
 875 0034 3E00 0000 		.long	.LBE28-.Ltext0
 876 0038 5400 0000 		.long	.LBB33-.Ltext0
 877 003c 5A00 0000 		.long	.LBE33-.Ltext0
 878 0040 0000 0000 		.long	0x0
 879 0044 0000 0000 		.long	0x0
 880 0048 3A00 0000 		.long	.LBB29-.Ltext0
 881 004c 3E00 0000 		.long	.LBE29-.Ltext0
 882 0050 5400 0000 		.long	.LBB32-.Ltext0
 883 0054 5A00 0000 		.long	.LBE32-.Ltext0
 884 0058 0000 0000 		.long	0x0
 885 005c 0000 0000 		.long	0x0
 886               		.section	.debug_line
 887 0000 4801 0000 		.long	.LELT0-.LSLT0
 888               	.LSLT0:
 889 0004 0200      		.word	0x2
 890 0006 AB00 0000 		.long	.LELTP0-.LASLTP0
 891               	.LASLTP0:
 892 000a 01        		.byte	0x1
 893 000b 01        		.byte	0x1
 894 000c F6        		.byte	0xf6
 895 000d F5        		.byte	0xf5
 896 000e 0A        		.byte	0xa
 897 000f 00        		.byte	0x0
 898 0010 01        		.byte	0x1
 899 0011 01        		.byte	0x1
 900 0012 01        		.byte	0x1
 901 0013 01        		.byte	0x1
 902 0014 00        		.byte	0x0
 903 0015 00        		.byte	0x0
 904 0016 00        		.byte	0x0
 905 0017 01        		.byte	0x1
 906 0018 633A 2F77 		.ascii	"c:/winavr-20100110/lib/gcc/../../avr/include"
 906      696E 6176 
 906      722D 3230 
 906      3130 3031 
 906      3130 2F6C 
GAS LISTING C:\Users\Bilel\AppData\Local\Temp/cciTSqzi.s 			page 17


 907 0044 00        		.byte	0
 908 0045 633A 2F77 		.ascii	"c:/winavr-20100110/lib/gcc/../../avr/include/util"
 908      696E 6176 
 908      722D 3230 
 908      3130 3031 
 908      3130 2F6C 
 909 0076 00        		.byte	0
 910 0077 00        		.byte	0x0
 911 0078 6D61 696E 		.string	"main.c"
 911      2E63 00
 912 007f 00        		.uleb128 0x0
 913 0080 00        		.uleb128 0x0
 914 0081 00        		.uleb128 0x0
 915 0082 7574 696C 		.string	"util/delay_basic.h"
 915      2F64 656C 
 915      6179 5F62 
 915      6173 6963 
 915      2E68 00
 916 0095 01        		.uleb128 0x1
 917 0096 00        		.uleb128 0x0
 918 0097 00        		.uleb128 0x0
 919 0098 7374 6469 		.string	"stdint.h"
 919      6E74 2E68 
 919      00
 920 00a1 01        		.uleb128 0x1
 921 00a2 00        		.uleb128 0x0
 922 00a3 00        		.uleb128 0x0
 923 00a4 7574 696C 		.string	"util/delay.h"
 923      2F64 656C 
 923      6179 2E68 
 923      00
 924 00b1 01        		.uleb128 0x1
 925 00b2 00        		.uleb128 0x0
 926 00b3 00        		.uleb128 0x0
 927 00b4 00        		.byte	0x0
 928               	.LELTP0:
 929 00b5 00        		.byte	0x0
 930 00b6 05        		.uleb128 0x5
 931 00b7 02        		.byte	0x2
 932 00b8 0000 0000 		.long	.LM1
 933 00bc 1C        		.byte	0x1c
 934 00bd 00        		.byte	0x0
 935 00be 05        		.uleb128 0x5
 936 00bf 02        		.byte	0x2
 937 00c0 0000 0000 		.long	.LM2
 938 00c4 04        		.byte	0x4
 939 00c5 02        		.uleb128 0x2
 940 00c6 74        		.byte	0x74
 941 00c7 00        		.byte	0x0
 942 00c8 05        		.uleb128 0x5
 943 00c9 02        		.byte	0x2
 944 00ca 0000 0000 		.long	.LM3
 945 00ce 04        		.byte	0x4
 946 00cf 01        		.uleb128 0x1
 947 00d0 03        		.byte	0x3
 948 00d1 A37F      		.sleb128 -93
 949 00d3 01        		.byte	0x1
GAS LISTING C:\Users\Bilel\AppData\Local\Temp/cciTSqzi.s 			page 18


 950 00d4 00        		.byte	0x0
 951 00d5 05        		.uleb128 0x5
 952 00d6 02        		.byte	0x2
 953 00d7 0000 0000 		.long	.LM4
 954 00db 12        		.byte	0x12
 955 00dc 00        		.byte	0x0
 956 00dd 05        		.uleb128 0x5
 957 00de 02        		.byte	0x2
 958 00df 0000 0000 		.long	.LM5
 959 00e3 18        		.byte	0x18
 960 00e4 00        		.byte	0x0
 961 00e5 05        		.uleb128 0x5
 962 00e6 02        		.byte	0x2
 963 00e7 0000 0000 		.long	.LM6
 964 00eb 1B        		.byte	0x1b
 965 00ec 00        		.byte	0x0
 966 00ed 05        		.uleb128 0x5
 967 00ee 02        		.byte	0x2
 968 00ef 0000 0000 		.long	.LM7
 969 00f3 17        		.byte	0x17
 970 00f4 00        		.byte	0x0
 971 00f5 05        		.uleb128 0x5
 972 00f6 02        		.byte	0x2
 973 00f7 0000 0000 		.long	.LM8
 974 00fb 16        		.byte	0x16
 975 00fc 00        		.byte	0x0
 976 00fd 05        		.uleb128 0x5
 977 00fe 02        		.byte	0x2
 978 00ff 0000 0000 		.long	.LM9
 979 0103 04        		.byte	0x4
 980 0104 02        		.uleb128 0x2
 981 0105 63        		.byte	0x63
 982 0106 00        		.byte	0x0
 983 0107 05        		.uleb128 0x5
 984 0108 02        		.byte	0x2
 985 0109 0000 0000 		.long	.LM10
 986 010d 04        		.byte	0x4
 987 010e 01        		.uleb128 0x1
 988 010f 03        		.byte	0x3
 989 0110 B77F      		.sleb128 -73
 990 0112 01        		.byte	0x1
 991 0113 00        		.byte	0x0
 992 0114 05        		.uleb128 0x5
 993 0115 02        		.byte	0x2
 994 0116 0000 0000 		.long	.LM11
 995 011a 15        		.byte	0x15
 996 011b 00        		.byte	0x0
 997 011c 05        		.uleb128 0x5
 998 011d 02        		.byte	0x2
 999 011e 0000 0000 		.long	.LM12
 1000 0122 04        		.byte	0x4
 1001 0123 02        		.uleb128 0x2
 1002 0124 5C        		.byte	0x5c
 1003 0125 00        		.byte	0x0
 1004 0126 05        		.uleb128 0x5
 1005 0127 02        		.byte	0x2
 1006 0128 0000 0000 		.long	.LM13
GAS LISTING C:\Users\Bilel\AppData\Local\Temp/cciTSqzi.s 			page 19


 1007 012c 04        		.byte	0x4
 1008 012d 01        		.uleb128 0x1
 1009 012e 03        		.byte	0x3
 1010 012f A37F      		.sleb128 -93
 1011 0131 01        		.byte	0x1
 1012 0132 00        		.byte	0x0
 1013 0133 05        		.uleb128 0x5
 1014 0134 02        		.byte	0x2
 1015 0135 0000 0000 		.long	.LM14
 1016 0139 12        		.byte	0x12
 1017 013a 00        		.byte	0x0
 1018 013b 05        		.uleb128 0x5
 1019 013c 02        		.byte	0x2
 1020 013d 0000 0000 		.long	.LM15
 1021 0141 29        		.byte	0x29
 1022 0142 00        		.byte	0x0
 1023 0143 05        		.uleb128 0x5
 1024 0144 02        		.byte	0x2
 1025 0145 0000 0000 		.long	.Letext0
 1026 0149 00        		.byte	0x0
 1027 014a 01        		.uleb128 0x1
 1028 014b 01        		.byte	0x1
 1029               	.LELT0:
 1030 014c 1600 0000 		.section	.debug_str,"MS",@progbits,1
 1030      0200 1000 
 1030      0000 0101 
 1030      FB0E 0A00 
 1030      0101 0101 
 1031               	.LASF17:
 1032 0000 636F 756E 		.string	"counter"
 1032      7465 7200 
 1033               	.LASF1:
 1034 0008 756E 7369 		.string	"unsigned char"
 1034      676E 6564 
 1034      2063 6861 
 1034      7200 
 1035               	.LASF9:
 1036 0016 5F64 656C 		.string	"_delay_loop_2"
 1036      6179 5F6C 
 1036      6F6F 705F 
 1036      3200 
 1037               	.LASF4:
 1038 0024 6C6F 6E67 		.string	"long unsigned int"
 1038      2075 6E73 
 1038      6967 6E65 
 1038      6420 696E 
 1038      7400 
 1039               	.LASF8:
 1040 0036 5354 4154 		.string	"STATE"
 1040      4500 
 1041               	.LASF10:
 1042 003c 5F64 656C 		.string	"_delay_ms"
 1042      6179 5F6D 
 1042      7300 
 1043               	.LASF19:
 1044 0046 474E 5520 		.string	"GNU C 4.3.3"
 1044      4320 342E 
GAS LISTING C:\Users\Bilel\AppData\Local\Temp/cciTSqzi.s 			page 20


 1044      332E 3300 
 1045               	.LASF15:
 1046 0052 646F 7562 		.string	"double"
 1046      6C65 00
 1047               	.LASF14:
 1048 0059 5F5F 746D 		.string	"__tmp"
 1048      7000 
 1049               	.LASF24:
 1050 005f 6D61 696E 		.string	"main"
 1050      00
 1051               	.LASF23:
 1052 0064 7761 6974 		.string	"wait"
 1052      00
 1053               	.LASF2:
 1054 0069 756E 7369 		.string	"unsigned int"
 1054      676E 6564 
 1054      2069 6E74 
 1054      00
 1055               	.LASF6:
 1056 0076 6C6F 6E67 		.string	"long long unsigned int"
 1056      206C 6F6E 
 1056      6720 756E 
 1056      7369 676E 
 1056      6564 2069 
 1057               	.LASF21:
 1058 008d 433A 5C55 		.string	"C:\\Users\\Bilel\\Documents\\GitHub\\MicroControllers\\week 1\\B5"
 1058      7365 7273 
 1058      5C42 696C 
 1058      656C 5C44 
 1058      6F63 756D 
 1059               	.LASF5:
 1060 00c8 6C6F 6E67 		.string	"long long int"
 1060      206C 6F6E 
 1060      6720 696E 
 1060      7400 
 1061               	.LASF20:
 1062 00d6 6D61 696E 		.string	"main.c"
 1062      2E63 00
 1063               	.LASF18:
 1064 00dd 6368 6172 		.string	"char"
 1064      00
 1065               	.LASF22:
 1066 00e2 6269 7473 		.string	"bits"
 1066      00
 1067               	.LASF11:
 1068 00e7 5F5F 636F 		.string	"__count"
 1068      756E 7400 
 1069               	.LASF7:
 1070 00ef 7569 6E74 		.string	"uint16_t"
 1070      3136 5F74 
 1070      00
 1071               	.LASF13:
 1072 00f8 5F5F 7469 		.string	"__ticks"
 1072      636B 7300 
 1073               	.LASF3:
 1074 0100 6C6F 6E67 		.string	"long int"
 1074      2069 6E74 
GAS LISTING C:\Users\Bilel\AppData\Local\Temp/cciTSqzi.s 			page 21


 1074      00
 1075               	.LASF0:
 1076 0109 7369 676E 		.string	"signed char"
 1076      6564 2063 
 1076      6861 7200 
 1077               	.LASF16:
 1078 0115 6269 745F 		.string	"bit_pattern"
 1078      7061 7474 
 1078      6572 6E00 
 1079               	.LASF12:
 1080 0121 5F5F 6D73 		.string	"__ms"
 1080      00
 1081               	.global __do_copy_data
GAS LISTING C:\Users\Bilel\AppData\Local\Temp/cciTSqzi.s 			page 22


DEFINED SYMBOLS
                            *ABS*:00000000 main.c
C:\Users\Bilel\AppData\Local\Temp/cciTSqzi.s:2      *ABS*:0000003f __SREG__
C:\Users\Bilel\AppData\Local\Temp/cciTSqzi.s:3      *ABS*:0000003e __SP_H__
C:\Users\Bilel\AppData\Local\Temp/cciTSqzi.s:4      *ABS*:0000003d __SP_L__
C:\Users\Bilel\AppData\Local\Temp/cciTSqzi.s:5      *ABS*:00000034 __CCP__
C:\Users\Bilel\AppData\Local\Temp/cciTSqzi.s:6      *ABS*:00000000 __tmp_reg__
C:\Users\Bilel\AppData\Local\Temp/cciTSqzi.s:7      *ABS*:00000001 __zero_reg__
C:\Users\Bilel\AppData\Local\Temp/cciTSqzi.s:18     .text:00000000 wait
C:\Users\Bilel\AppData\Local\Temp/cciTSqzi.s:59     .text:00000016 main
C:\Users\Bilel\AppData\Local\Temp/cciTSqzi.s:159    .data:00000000 C.0.1131

UNDEFINED SYMBOLS
__prologue_saves__
__do_copy_data
