GAS LISTING C:\Users\Bilel\AppData\Local\Temp/ccfZQeSp.s 			page 1


   1               		.file	"b4.c"
   2               		.arch atmega128
   3               	__SREG__ = 0x3f
   4               	__SP_H__ = 0x3e
   5               	__SP_L__ = 0x3d
   6               	__tmp_reg__ = 0
   7               	__zero_reg__ = 1
   8               		.global __do_copy_data
   9               		.global __do_clear_bss
  10               		.section	.debug_abbrev,"",@progbits
  11               	.Ldebug_abbrev0:
  12               		.section	.debug_info,"",@progbits
  13               	.Ldebug_info0:
  14               		.section	.debug_line,"",@progbits
  15               	.Ldebug_line0:
  16               		.text
  17               	.Ltext0:
  18               	.global	wait
  19               		.type	wait, @function
  20               	wait:
  21               	.LFB6:
  22               	.LM1:
  23               	/* prologue: frame size=0 */
  24               	/* prologue end (size=0) */
  25               	.LVL0:
  26 0000 AC01      		movw r20,r24
  27 0002 20E0      		ldi r18,lo8(0)
  28 0004 30E0      		ldi r19,hi8(0)
  29               	.LVL1:
  30 0006 E0ED      		ldi r30,lo8(2000)
  31 0008 F7E0      		ldi r31,hi8(2000)
  32 000a 00C0      		rjmp .L2
  33               	.LVL2:
  34               	.L3:
  35               	.LBB9:
  36               	.LBB10:
  37               	.LBB11:
  38               	.LBB12:
  39               	.LBB13:
  40               	.LM2:
  41 000c CF01      		movw r24,r30
  42               	/* #APP */
  43 000e 0197      		1: sbiw r24,1
  44 0010 01F4      		brne 1b
  45               	/* #NOAPP */
  46               	.LBE13:
  47               	.LBE12:
  48               	.LBE11:
  49               	.LBE10:
  50               	.LM3:
  51 0012 2F5F      		subi r18,lo8(-(1))
  52 0014 3F4F      		sbci r19,hi8(-(1))
  53               	.LVL3:
  54               	.L2:
  55 0016 2417      		cp r18,r20
  56 0018 3507      		cpc r19,r21
  57 001a 04F0      		brlt .L3
GAS LISTING C:\Users\Bilel\AppData\Local\Temp/ccfZQeSp.s 			page 2


  58               	.LBE9:
  59               	/* epilogue: frame size=0 */
  60 001c 0895      		ret
  61               	/* epilogue end (size=1) */
  62               	/* function wait size 17 (16) */
  63               	.LFE6:
  64               		.size	wait, .-wait
  65               	.global	main
  66               		.type	main, @function
  67               	main:
  68               	.LFB7:
  69               	.LM4:
  70               	/* prologue: frame size=0 */
  71 001e CF93      		push r28
  72 0020 DF93      		push r29
  73               	/* prologue end (size=2) */
  74               	.LM5:
  75 0022 8FEF      		ldi r24,lo8(-1)
  76 0024 81BB      		out 49-0x20,r24
  77 0026 C0E0      		ldi r28,lo8(0)
  78 0028 D0E0      		ldi r29,hi8(0)
  79               	.LVL4:
  80               	.L7:
  81               	.LM6:
  82 002a 2196      		adiw r28,1
  83               	.L8:
  84               	.LM7:
  85 002c FE01      		movw r30,r28
  86 002e EE0F      		lsl r30
  87 0030 FF1F      		rol r31
  88 0032 EC0F      		add r30,r28
  89 0034 FD1F      		adc r31,r29
  90 0036 E050      		subi r30,lo8(-(PATTERN))
  91 0038 F040      		sbci r31,hi8(-(PATTERN))
  92 003a 8081      		ld r24,Z
  93 003c 82BB      		out 50-0x20,r24
  94               	.LM8:
  95 003e 8181      		ldd r24,Z+1
  96 0040 9281      		ldd r25,Z+2
  97 0042 0E94 0000 		call wait
  98               	.LM9:
  99 0046 C331      		cpi r28,19
 100 0048 D105      		cpc r29,__zero_reg__
 101 004a 00F0      		brlo .L7
 102 004c C0E0      		ldi r28,lo8(0)
 103 004e D0E0      		ldi r29,hi8(0)
 104 0050 00C0      		rjmp .L8
 105               	/* epilogue: frame size=0 */
 106               	/* epilogue: noreturn */
 107               	/* epilogue end (size=0) */
 108               	/* function main size 26 (24) */
 109               	.LFE7:
 110               		.size	main, .-main
 111               	.global	PATTERN
 112               		.data
 113               		.type	PATTERN, @object
 114               		.size	PATTERN, 18
GAS LISTING C:\Users\Bilel\AppData\Local\Temp/ccfZQeSp.s 			page 3


 115               	PATTERN:
 116 0000 56        		.byte	86
 117 0001 6400      		.word	100
 118 0003 48        		.byte	72
 119 0004 6400      		.word	100
 120 0006 01        		.byte	1
 121 0007 6400      		.word	100
 122 0009 FF        		.byte	-1
 123 000a 6400      		.word	100
 124 000c 5E        		.byte	94
 125 000d 6400      		.word	100
 126 000f 54        		.byte	84
 127 0010 6400      		.word	100
 128               		.section	.debug_frame,"",@progbits
 129               	.Lframe0:
 130 0000 0C00 0000 		.long	.LECIE0-.LSCIE0
 131               	.LSCIE0:
 132 0004 FFFF FFFF 		.long	0xffffffff
 133 0008 01        		.byte	0x1
 134 0009 00        		.string	""
 135 000a 01        		.uleb128 0x1
 136 000b 7F        		.sleb128 -1
 137 000c 24        		.byte	0x24
 138 000d 0C        		.byte	0xc
 139 000e 20        		.uleb128 0x20
 140 000f 00        		.uleb128 0x0
 141               		.p2align	2
 142               	.LECIE0:
 143               	.LSFDE0:
 144 0010 0C00 0000 		.long	.LEFDE0-.LASFDE0
 145               	.LASFDE0:
 146 0014 0000 0000 		.long	.Lframe0
 147 0018 0000 0000 		.long	.LFB6
 148 001c 1E00 0000 		.long	.LFE6-.LFB6
 149               		.p2align	2
 150               	.LEFDE0:
 151               	.LSFDE2:
 152 0020 0C00 0000 		.long	.LEFDE2-.LASFDE2
 153               	.LASFDE2:
 154 0024 0000 0000 		.long	.Lframe0
 155 0028 0000 0000 		.long	.LFB7
 156 002c 3400 0000 		.long	.LFE7-.LFB7
 157               		.p2align	2
 158               	.LEFDE2:
 159               		.text
 160               	.Letext0:
 161               		.section	.debug_line
 162 0000 DF00 0000 		.long	.LELT0-.LSLT0
 163               	.LSLT0:
 164 0004 0200      		.word	0x2
 165 0006 7E00 0000 		.long	.LELTP0-.LASLTP0
 166               	.LASLTP0:
 167 000a 01        		.byte	0x1
 168 000b 01        		.byte	0x1
 169 000c F6        		.byte	0xf6
 170 000d F5        		.byte	0xf5
 171 000e 0A        		.byte	0xa
GAS LISTING C:\Users\Bilel\AppData\Local\Temp/ccfZQeSp.s 			page 4


 172 000f 00        		.byte	0x0
 173 0010 01        		.byte	0x1
 174 0011 01        		.byte	0x1
 175 0012 01        		.byte	0x1
 176 0013 01        		.byte	0x1
 177 0014 00        		.byte	0x0
 178 0015 00        		.byte	0x0
 179 0016 00        		.byte	0x0
 180 0017 01        		.byte	0x1
 181 0018 633A 2F77 		.ascii	"c:/winavr-20070525/bin/../avr/include"
 181      696E 6176 
 181      722D 3230 
 181      3037 3035 
 181      3235 2F62 
 182 003d 00        		.byte	0
 183 003e 00        		.byte	0x0
 184 003f 7374 6469 		.string	"stdint.h"
 184      6E74 2E68 
 184      00
 185 0048 01        		.uleb128 0x1
 186 0049 00        		.uleb128 0x0
 187 004a 00        		.uleb128 0x0
 188 004b 696E 7474 		.string	"inttypes.h"
 188      7970 6573 
 188      2E68 00
 189 0056 01        		.uleb128 0x1
 190 0057 00        		.uleb128 0x0
 191 0058 00        		.uleb128 0x0
 192 0059 6234 2E63 		.string	"b4.c"
 192      00
 193 005e 00        		.uleb128 0x0
 194 005f 00        		.uleb128 0x0
 195 0060 00        		.uleb128 0x0
 196 0061 7574 696C 		.string	"util/delay_basic.h"
 196      2F64 656C 
 196      6179 5F62 
 196      6173 6963 
 196      2E68 00
 197 0074 01        		.uleb128 0x1
 198 0075 00        		.uleb128 0x0
 199 0076 00        		.uleb128 0x0
 200 0077 7574 696C 		.string	"util/delay.h"
 200      2F64 656C 
 200      6179 2E68 
 200      00
 201 0084 01        		.uleb128 0x1
 202 0085 00        		.uleb128 0x0
 203 0086 00        		.uleb128 0x0
 204 0087 00        		.byte	0x0
 205               	.LELTP0:
 206 0088 00        		.byte	0x0
 207 0089 05        		.uleb128 0x5
 208 008a 02        		.byte	0x2
 209 008b 0000 0000 		.long	.LM1
 210 008f 04        		.byte	0x4
 211 0090 03        		.uleb128 0x3
 212 0091 22        		.byte	0x22
GAS LISTING C:\Users\Bilel\AppData\Local\Temp/ccfZQeSp.s 			page 5


 213 0092 00        		.byte	0x0
 214 0093 05        		.uleb128 0x5
 215 0094 02        		.byte	0x2
 216 0095 0000 0000 		.long	.LM2
 217 0099 04        		.byte	0x4
 218 009a 04        		.uleb128 0x4
 219 009b 6E        		.byte	0x6e
 220 009c 00        		.byte	0x0
 221 009d 05        		.uleb128 0x5
 222 009e 02        		.byte	0x2
 223 009f 0000 0000 		.long	.LM3
 224 00a3 04        		.byte	0x4
 225 00a4 03        		.uleb128 0x3
 226 00a5 03        		.byte	0x3
 227 00a6 A77F      		.sleb128 -89
 228 00a8 01        		.byte	0x1
 229 00a9 00        		.byte	0x0
 230 00aa 05        		.uleb128 0x5
 231 00ab 02        		.byte	0x2
 232 00ac 0000 0000 		.long	.LM4
 233 00b0 1A        		.byte	0x1a
 234 00b1 00        		.byte	0x0
 235 00b2 05        		.uleb128 0x5
 236 00b3 02        		.byte	0x2
 237 00b4 0000 0000 		.long	.LM5
 238 00b8 15        		.byte	0x15
 239 00b9 00        		.byte	0x0
 240 00ba 05        		.uleb128 0x5
 241 00bb 02        		.byte	0x2
 242 00bc 0000 0000 		.long	.LM6
 243 00c0 1A        		.byte	0x1a
 244 00c1 00        		.byte	0x0
 245 00c2 05        		.uleb128 0x5
 246 00c3 02        		.byte	0x2
 247 00c4 0000 0000 		.long	.LM7
 248 00c8 16        		.byte	0x16
 249 00c9 00        		.byte	0x0
 250 00ca 05        		.uleb128 0x5
 251 00cb 02        		.byte	0x2
 252 00cc 0000 0000 		.long	.LM8
 253 00d0 15        		.byte	0x15
 254 00d1 00        		.byte	0x0
 255 00d2 05        		.uleb128 0x5
 256 00d3 02        		.byte	0x2
 257 00d4 0000 0000 		.long	.LM9
 258 00d8 0E        		.byte	0xe
 259 00d9 00        		.byte	0x0
 260 00da 05        		.uleb128 0x5
 261 00db 02        		.byte	0x2
 262 00dc 0000 0000 		.long	.Letext0
 263 00e0 00        		.byte	0x0
 264 00e1 01        		.uleb128 0x1
 265 00e2 01        		.byte	0x1
 266               	.LELT0:
 267 00e3 1900 0000 		.section	.debug_loc,"",@progbits
 267      0200 1300 
 267      0000 0101 
GAS LISTING C:\Users\Bilel\AppData\Local\Temp/ccfZQeSp.s 			page 6


 267      FB0E 0D00 
 267      0101 0101 
 268               	.Ldebug_loc0:
 269               	.LLST1:
 270 0000 0000 0000 		.long	.LVL0-.Ltext0
 271 0004 0C00 0000 		.long	.LVL2-.Ltext0
 272 0008 0600      		.word	0x6
 273 000a 68        		.byte	0x68
 274 000b 93        		.byte	0x93
 275 000c 01        		.uleb128 0x1
 276 000d 69        		.byte	0x69
 277 000e 93        		.byte	0x93
 278 000f 01        		.uleb128 0x1
 279 0010 0C00 0000 		.long	.LVL2-.Ltext0
 280 0014 1E00 0000 		.long	.LFE6-.Ltext0
 281 0018 0600      		.word	0x6
 282 001a 64        		.byte	0x64
 283 001b 93        		.byte	0x93
 284 001c 01        		.uleb128 0x1
 285 001d 65        		.byte	0x65
 286 001e 93        		.byte	0x93
 287 001f 01        		.uleb128 0x1
 288 0020 0000 0000 		.long	0x0
 289 0024 0000 0000 		.long	0x0
 290               		.section	.debug_info
 291 0000 C301 0000 		.long	0x1c3
 292 0004 0200      		.word	0x2
 293 0006 0000 0000 		.long	.Ldebug_abbrev0
 294 000a 04        		.byte	0x4
 295 000b 01        		.uleb128 0x1
 296 000c 0000 0000 		.long	.Ldebug_line0
 297 0010 0000 0000 		.long	.Letext0
 298 0014 0000 0000 		.long	.Ltext0
 299 0018 0000 0000 		.long	.LASF22
 300 001c 01        		.byte	0x1
 301 001d 0000 0000 		.long	.LASF23
 302 0021 0000 0000 		.long	.LASF24
 303 0025 02        		.uleb128 0x2
 304 0026 0000 0000 		.long	.LASF0
 305 002a 01        		.byte	0x1
 306 002b 06        		.byte	0x6
 307 002c 02        		.uleb128 0x2
 308 002d 0000 0000 		.long	.LASF1
 309 0031 01        		.byte	0x1
 310 0032 08        		.byte	0x8
 311 0033 03        		.uleb128 0x3
 312 0034 696E 7400 		.string	"int"
 313 0038 02        		.byte	0x2
 314 0039 05        		.byte	0x5
 315 003a 04        		.uleb128 0x4
 316 003b 0000 0000 		.long	.LASF9
 317 003f 01        		.byte	0x1
 318 0040 7C        		.byte	0x7c
 319 0041 4500 0000 		.long	0x45
 320 0045 02        		.uleb128 0x2
 321 0046 0000 0000 		.long	.LASF2
 322 004a 02        		.byte	0x2
GAS LISTING C:\Users\Bilel\AppData\Local\Temp/ccfZQeSp.s 			page 7


 323 004b 07        		.byte	0x7
 324 004c 02        		.uleb128 0x2
 325 004d 0000 0000 		.long	.LASF3
 326 0051 04        		.byte	0x4
 327 0052 05        		.byte	0x5
 328 0053 02        		.uleb128 0x2
 329 0054 0000 0000 		.long	.LASF4
 330 0058 04        		.byte	0x4
 331 0059 07        		.byte	0x7
 332 005a 02        		.uleb128 0x2
 333 005b 0000 0000 		.long	.LASF5
 334 005f 08        		.byte	0x8
 335 0060 05        		.byte	0x5
 336 0061 02        		.uleb128 0x2
 337 0062 0000 0000 		.long	.LASF6
 338 0066 08        		.byte	0x8
 339 0067 07        		.byte	0x7
 340 0068 05        		.uleb128 0x5
 341 0069 8D00 0000 		.long	0x8d
 342 006d 03        		.byte	0x3
 343 006e 03        		.byte	0x3
 344 006f 05        		.byte	0x5
 345 0070 06        		.uleb128 0x6
 346 0071 0000 0000 		.long	.LASF7
 347 0075 03        		.byte	0x3
 348 0076 06        		.byte	0x6
 349 0077 2C00 0000 		.long	0x2c
 350 007b 02        		.byte	0x2
 351 007c 23        		.byte	0x23
 352 007d 00        		.uleb128 0x0
 353 007e 06        		.uleb128 0x6
 354 007f 0000 0000 		.long	.LASF8
 355 0083 03        		.byte	0x3
 356 0084 07        		.byte	0x7
 357 0085 4500 0000 		.long	0x45
 358 0089 02        		.byte	0x2
 359 008a 23        		.byte	0x23
 360 008b 01        		.uleb128 0x1
 361 008c 00        		.byte	0x0
 362 008d 04        		.uleb128 0x4
 363 008e 0000 0000 		.long	.LASF10
 364 0092 03        		.byte	0x3
 365 0093 08        		.byte	0x8
 366 0094 6800 0000 		.long	0x68
 367 0098 07        		.uleb128 0x7
 368 0099 B100 0000 		.long	0xb1
 369 009d 0000 0000 		.long	.LASF11
 370 00a1 04        		.byte	0x4
 371 00a2 68        		.byte	0x68
 372 00a3 01        		.byte	0x1
 373 00a4 03        		.byte	0x3
 374 00a5 08        		.uleb128 0x8
 375 00a6 0000 0000 		.long	.LASF13
 376 00aa 04        		.byte	0x4
 377 00ab 67        		.byte	0x67
 378 00ac 3A00 0000 		.long	0x3a
 379 00b0 00        		.byte	0x0
GAS LISTING C:\Users\Bilel\AppData\Local\Temp/ccfZQeSp.s 			page 8


 380 00b1 07        		.uleb128 0x7
 381 00b2 E100 0000 		.long	0xe1
 382 00b6 0000 0000 		.long	.LASF12
 383 00ba 05        		.byte	0x5
 384 00bb 81        		.byte	0x81
 385 00bc 01        		.byte	0x1
 386 00bd 03        		.byte	0x3
 387 00be 08        		.uleb128 0x8
 388 00bf 0000 0000 		.long	.LASF14
 389 00c3 05        		.byte	0x5
 390 00c4 80        		.byte	0x80
 391 00c5 E100 0000 		.long	0xe1
 392 00c9 09        		.uleb128 0x9
 393 00ca 0000 0000 		.long	.LASF15
 394 00ce 05        		.byte	0x5
 395 00cf 82        		.byte	0x82
 396 00d0 3A00 0000 		.long	0x3a
 397 00d4 09        		.uleb128 0x9
 398 00d5 0000 0000 		.long	.LASF16
 399 00d9 05        		.byte	0x5
 400 00da 83        		.byte	0x83
 401 00db E100 0000 		.long	0xe1
 402 00df 0A        		.uleb128 0xa
 403 00e0 00        		.byte	0x0
 404 00e1 02        		.uleb128 0x2
 405 00e2 0000 0000 		.long	.LASF17
 406 00e6 04        		.byte	0x4
 407 00e7 04        		.byte	0x4
 408 00e8 0B        		.uleb128 0xb
 409 00e9 6E01 0000 		.long	0x16e
 410 00ed 01        		.byte	0x1
 411 00ee 0000 0000 		.long	.LASF18
 412 00f2 03        		.byte	0x3
 413 00f3 0F        		.byte	0xf
 414 00f4 01        		.byte	0x1
 415 00f5 0000 0000 		.long	.LFB6
 416 00f9 0000 0000 		.long	.LFE6
 417 00fd 02        		.byte	0x2
 418 00fe 90        		.byte	0x90
 419 00ff 20        		.uleb128 0x20
 420 0100 0C        		.uleb128 0xc
 421 0101 6D73 00   		.string	"ms"
 422 0104 03        		.byte	0x3
 423 0105 0E        		.byte	0xe
 424 0106 3300 0000 		.long	0x33
 425 010a 0000 0000 		.long	.LLST1
 426 010e 0D        		.uleb128 0xd
 427 010f 0000 0000 		.long	.LBB9
 428 0113 0000 0000 		.long	.LBE9
 429 0117 0E        		.uleb128 0xe
 430 0118 6900      		.string	"i"
 431 011a 03        		.byte	0x3
 432 011b 10        		.byte	0x10
 433 011c 3300 0000 		.long	0x33
 434 0120 06        		.byte	0x6
 435 0121 62        		.byte	0x62
 436 0122 93        		.byte	0x93
GAS LISTING C:\Users\Bilel\AppData\Local\Temp/ccfZQeSp.s 			page 9


 437 0123 01        		.uleb128 0x1
 438 0124 63        		.byte	0x63
 439 0125 93        		.byte	0x93
 440 0126 01        		.uleb128 0x1
 441 0127 0F        		.uleb128 0xf
 442 0128 B100 0000 		.long	0xb1
 443 012c 0000 0000 		.long	.LBB10
 444 0130 0000 0000 		.long	.LBE10
 445 0134 03        		.byte	0x3
 446 0135 12        		.byte	0x12
 447 0136 10        		.uleb128 0x10
 448 0137 BE00 0000 		.long	0xbe
 449 013b 0D        		.uleb128 0xd
 450 013c 0000 0000 		.long	.LBB11
 451 0140 0000 0000 		.long	.LBE11
 452 0144 11        		.uleb128 0x11
 453 0145 C900 0000 		.long	0xc9
 454 0149 11        		.uleb128 0x11
 455 014a D400 0000 		.long	0xd4
 456 014e 0F        		.uleb128 0xf
 457 014f 9800 0000 		.long	0x98
 458 0153 0000 0000 		.long	.LBB12
 459 0157 0000 0000 		.long	.LBE12
 460 015b 05        		.byte	0x5
 461 015c 8A        		.byte	0x8a
 462 015d 12        		.uleb128 0x12
 463 015e A500 0000 		.long	0xa5
 464 0162 06        		.byte	0x6
 465 0163 68        		.byte	0x68
 466 0164 93        		.byte	0x93
 467 0165 01        		.uleb128 0x1
 468 0166 69        		.byte	0x69
 469 0167 93        		.byte	0x93
 470 0168 01        		.uleb128 0x1
 471 0169 00        		.byte	0x0
 472 016a 00        		.byte	0x0
 473 016b 00        		.byte	0x0
 474 016c 00        		.byte	0x0
 475 016d 00        		.byte	0x0
 476 016e 13        		.uleb128 0x13
 477 016f 9D01 0000 		.long	0x19d
 478 0173 01        		.byte	0x1
 479 0174 0000 0000 		.long	.LASF19
 480 0178 03        		.byte	0x3
 481 0179 16        		.byte	0x16
 482 017a 01        		.byte	0x1
 483 017b 3300 0000 		.long	0x33
 484 017f 0000 0000 		.long	.LFB7
 485 0183 0000 0000 		.long	.LFE7
 486 0187 02        		.byte	0x2
 487 0188 90        		.byte	0x90
 488 0189 20        		.uleb128 0x20
 489 018a 14        		.uleb128 0x14
 490 018b 0000 0000 		.long	.LASF20
 491 018f 03        		.byte	0x3
 492 0190 18        		.byte	0x18
 493 0191 3300 0000 		.long	0x33
GAS LISTING C:\Users\Bilel\AppData\Local\Temp/ccfZQeSp.s 			page 10


 494 0195 06        		.byte	0x6
 495 0196 6C        		.byte	0x6c
 496 0197 93        		.byte	0x93
 497 0198 01        		.uleb128 0x1
 498 0199 6D        		.byte	0x6d
 499 019a 93        		.byte	0x93
 500 019b 01        		.uleb128 0x1
 501 019c 00        		.byte	0x0
 502 019d 15        		.uleb128 0x15
 503 019e AD01 0000 		.long	0x1ad
 504 01a2 8D00 0000 		.long	0x8d
 505 01a6 16        		.uleb128 0x16
 506 01a7 AD01 0000 		.long	0x1ad
 507 01ab 05        		.byte	0x5
 508 01ac 00        		.byte	0x0
 509 01ad 02        		.uleb128 0x2
 510 01ae 0000 0000 		.long	.LASF2
 511 01b2 02        		.byte	0x2
 512 01b3 07        		.byte	0x7
 513 01b4 17        		.uleb128 0x17
 514 01b5 0000 0000 		.long	.LASF21
 515 01b9 03        		.byte	0x3
 516 01ba 0A        		.byte	0xa
 517 01bb 9D01 0000 		.long	0x19d
 518 01bf 01        		.byte	0x1
 519 01c0 05        		.byte	0x5
 520 01c1 03        		.byte	0x3
 521 01c2 0000 0000 		.long	PATTERN
 522 01c6 00        		.byte	0x0
 523               		.section	.debug_abbrev
 524 0000 01        		.uleb128 0x1
 525 0001 11        		.uleb128 0x11
 526 0002 01        		.byte	0x1
 527 0003 10        		.uleb128 0x10
 528 0004 06        		.uleb128 0x6
 529 0005 12        		.uleb128 0x12
 530 0006 01        		.uleb128 0x1
 531 0007 11        		.uleb128 0x11
 532 0008 01        		.uleb128 0x1
 533 0009 25        		.uleb128 0x25
 534 000a 0E        		.uleb128 0xe
 535 000b 13        		.uleb128 0x13
 536 000c 0B        		.uleb128 0xb
 537 000d 03        		.uleb128 0x3
 538 000e 0E        		.uleb128 0xe
 539 000f 1B        		.uleb128 0x1b
 540 0010 0E        		.uleb128 0xe
 541 0011 00        		.byte	0x0
 542 0012 00        		.byte	0x0
 543 0013 02        		.uleb128 0x2
 544 0014 24        		.uleb128 0x24
 545 0015 00        		.byte	0x0
 546 0016 03        		.uleb128 0x3
 547 0017 0E        		.uleb128 0xe
 548 0018 0B        		.uleb128 0xb
 549 0019 0B        		.uleb128 0xb
 550 001a 3E        		.uleb128 0x3e
GAS LISTING C:\Users\Bilel\AppData\Local\Temp/ccfZQeSp.s 			page 11


 551 001b 0B        		.uleb128 0xb
 552 001c 00        		.byte	0x0
 553 001d 00        		.byte	0x0
 554 001e 03        		.uleb128 0x3
 555 001f 24        		.uleb128 0x24
 556 0020 00        		.byte	0x0
 557 0021 03        		.uleb128 0x3
 558 0022 08        		.uleb128 0x8
 559 0023 0B        		.uleb128 0xb
 560 0024 0B        		.uleb128 0xb
 561 0025 3E        		.uleb128 0x3e
 562 0026 0B        		.uleb128 0xb
 563 0027 00        		.byte	0x0
 564 0028 00        		.byte	0x0
 565 0029 04        		.uleb128 0x4
 566 002a 16        		.uleb128 0x16
 567 002b 00        		.byte	0x0
 568 002c 03        		.uleb128 0x3
 569 002d 0E        		.uleb128 0xe
 570 002e 3A        		.uleb128 0x3a
 571 002f 0B        		.uleb128 0xb
 572 0030 3B        		.uleb128 0x3b
 573 0031 0B        		.uleb128 0xb
 574 0032 49        		.uleb128 0x49
 575 0033 13        		.uleb128 0x13
 576 0034 00        		.byte	0x0
 577 0035 00        		.byte	0x0
 578 0036 05        		.uleb128 0x5
 579 0037 13        		.uleb128 0x13
 580 0038 01        		.byte	0x1
 581 0039 01        		.uleb128 0x1
 582 003a 13        		.uleb128 0x13
 583 003b 0B        		.uleb128 0xb
 584 003c 0B        		.uleb128 0xb
 585 003d 3A        		.uleb128 0x3a
 586 003e 0B        		.uleb128 0xb
 587 003f 3B        		.uleb128 0x3b
 588 0040 0B        		.uleb128 0xb
 589 0041 00        		.byte	0x0
 590 0042 00        		.byte	0x0
 591 0043 06        		.uleb128 0x6
 592 0044 0D        		.uleb128 0xd
 593 0045 00        		.byte	0x0
 594 0046 03        		.uleb128 0x3
 595 0047 0E        		.uleb128 0xe
 596 0048 3A        		.uleb128 0x3a
 597 0049 0B        		.uleb128 0xb
 598 004a 3B        		.uleb128 0x3b
 599 004b 0B        		.uleb128 0xb
 600 004c 49        		.uleb128 0x49
 601 004d 13        		.uleb128 0x13
 602 004e 38        		.uleb128 0x38
 603 004f 0A        		.uleb128 0xa
 604 0050 00        		.byte	0x0
 605 0051 00        		.byte	0x0
 606 0052 07        		.uleb128 0x7
 607 0053 2E        		.uleb128 0x2e
GAS LISTING C:\Users\Bilel\AppData\Local\Temp/ccfZQeSp.s 			page 12


 608 0054 01        		.byte	0x1
 609 0055 01        		.uleb128 0x1
 610 0056 13        		.uleb128 0x13
 611 0057 03        		.uleb128 0x3
 612 0058 0E        		.uleb128 0xe
 613 0059 3A        		.uleb128 0x3a
 614 005a 0B        		.uleb128 0xb
 615 005b 3B        		.uleb128 0x3b
 616 005c 0B        		.uleb128 0xb
 617 005d 27        		.uleb128 0x27
 618 005e 0C        		.uleb128 0xc
 619 005f 20        		.uleb128 0x20
 620 0060 0B        		.uleb128 0xb
 621 0061 00        		.byte	0x0
 622 0062 00        		.byte	0x0
 623 0063 08        		.uleb128 0x8
 624 0064 05        		.uleb128 0x5
 625 0065 00        		.byte	0x0
 626 0066 03        		.uleb128 0x3
 627 0067 0E        		.uleb128 0xe
 628 0068 3A        		.uleb128 0x3a
 629 0069 0B        		.uleb128 0xb
 630 006a 3B        		.uleb128 0x3b
 631 006b 0B        		.uleb128 0xb
 632 006c 49        		.uleb128 0x49
 633 006d 13        		.uleb128 0x13
 634 006e 00        		.byte	0x0
 635 006f 00        		.byte	0x0
 636 0070 09        		.uleb128 0x9
 637 0071 34        		.uleb128 0x34
 638 0072 00        		.byte	0x0
 639 0073 03        		.uleb128 0x3
 640 0074 0E        		.uleb128 0xe
 641 0075 3A        		.uleb128 0x3a
 642 0076 0B        		.uleb128 0xb
 643 0077 3B        		.uleb128 0x3b
 644 0078 0B        		.uleb128 0xb
 645 0079 49        		.uleb128 0x49
 646 007a 13        		.uleb128 0x13
 647 007b 00        		.byte	0x0
 648 007c 00        		.byte	0x0
 649 007d 0A        		.uleb128 0xa
 650 007e 0B        		.uleb128 0xb
 651 007f 00        		.byte	0x0
 652 0080 00        		.byte	0x0
 653 0081 00        		.byte	0x0
 654 0082 0B        		.uleb128 0xb
 655 0083 2E        		.uleb128 0x2e
 656 0084 01        		.byte	0x1
 657 0085 01        		.uleb128 0x1
 658 0086 13        		.uleb128 0x13
 659 0087 3F        		.uleb128 0x3f
 660 0088 0C        		.uleb128 0xc
 661 0089 03        		.uleb128 0x3
 662 008a 0E        		.uleb128 0xe
 663 008b 3A        		.uleb128 0x3a
 664 008c 0B        		.uleb128 0xb
GAS LISTING C:\Users\Bilel\AppData\Local\Temp/ccfZQeSp.s 			page 13


 665 008d 3B        		.uleb128 0x3b
 666 008e 0B        		.uleb128 0xb
 667 008f 27        		.uleb128 0x27
 668 0090 0C        		.uleb128 0xc
 669 0091 11        		.uleb128 0x11
 670 0092 01        		.uleb128 0x1
 671 0093 12        		.uleb128 0x12
 672 0094 01        		.uleb128 0x1
 673 0095 40        		.uleb128 0x40
 674 0096 0A        		.uleb128 0xa
 675 0097 00        		.byte	0x0
 676 0098 00        		.byte	0x0
 677 0099 0C        		.uleb128 0xc
 678 009a 05        		.uleb128 0x5
 679 009b 00        		.byte	0x0
 680 009c 03        		.uleb128 0x3
 681 009d 08        		.uleb128 0x8
 682 009e 3A        		.uleb128 0x3a
 683 009f 0B        		.uleb128 0xb
 684 00a0 3B        		.uleb128 0x3b
 685 00a1 0B        		.uleb128 0xb
 686 00a2 49        		.uleb128 0x49
 687 00a3 13        		.uleb128 0x13
 688 00a4 02        		.uleb128 0x2
 689 00a5 06        		.uleb128 0x6
 690 00a6 00        		.byte	0x0
 691 00a7 00        		.byte	0x0
 692 00a8 0D        		.uleb128 0xd
 693 00a9 0B        		.uleb128 0xb
 694 00aa 01        		.byte	0x1
 695 00ab 11        		.uleb128 0x11
 696 00ac 01        		.uleb128 0x1
 697 00ad 12        		.uleb128 0x12
 698 00ae 01        		.uleb128 0x1
 699 00af 00        		.byte	0x0
 700 00b0 00        		.byte	0x0
 701 00b1 0E        		.uleb128 0xe
 702 00b2 34        		.uleb128 0x34
 703 00b3 00        		.byte	0x0
 704 00b4 03        		.uleb128 0x3
 705 00b5 08        		.uleb128 0x8
 706 00b6 3A        		.uleb128 0x3a
 707 00b7 0B        		.uleb128 0xb
 708 00b8 3B        		.uleb128 0x3b
 709 00b9 0B        		.uleb128 0xb
 710 00ba 49        		.uleb128 0x49
 711 00bb 13        		.uleb128 0x13
 712 00bc 02        		.uleb128 0x2
 713 00bd 0A        		.uleb128 0xa
 714 00be 00        		.byte	0x0
 715 00bf 00        		.byte	0x0
 716 00c0 0F        		.uleb128 0xf
 717 00c1 1D        		.uleb128 0x1d
 718 00c2 01        		.byte	0x1
 719 00c3 31        		.uleb128 0x31
 720 00c4 13        		.uleb128 0x13
 721 00c5 11        		.uleb128 0x11
GAS LISTING C:\Users\Bilel\AppData\Local\Temp/ccfZQeSp.s 			page 14


 722 00c6 01        		.uleb128 0x1
 723 00c7 12        		.uleb128 0x12
 724 00c8 01        		.uleb128 0x1
 725 00c9 58        		.uleb128 0x58
 726 00ca 0B        		.uleb128 0xb
 727 00cb 59        		.uleb128 0x59
 728 00cc 0B        		.uleb128 0xb
 729 00cd 00        		.byte	0x0
 730 00ce 00        		.byte	0x0
 731 00cf 10        		.uleb128 0x10
 732 00d0 05        		.uleb128 0x5
 733 00d1 00        		.byte	0x0
 734 00d2 31        		.uleb128 0x31
 735 00d3 13        		.uleb128 0x13
 736 00d4 00        		.byte	0x0
 737 00d5 00        		.byte	0x0
 738 00d6 11        		.uleb128 0x11
 739 00d7 34        		.uleb128 0x34
 740 00d8 00        		.byte	0x0
 741 00d9 31        		.uleb128 0x31
 742 00da 13        		.uleb128 0x13
 743 00db 00        		.byte	0x0
 744 00dc 00        		.byte	0x0
 745 00dd 12        		.uleb128 0x12
 746 00de 05        		.uleb128 0x5
 747 00df 00        		.byte	0x0
 748 00e0 31        		.uleb128 0x31
 749 00e1 13        		.uleb128 0x13
 750 00e2 02        		.uleb128 0x2
 751 00e3 0A        		.uleb128 0xa
 752 00e4 00        		.byte	0x0
 753 00e5 00        		.byte	0x0
 754 00e6 13        		.uleb128 0x13
 755 00e7 2E        		.uleb128 0x2e
 756 00e8 01        		.byte	0x1
 757 00e9 01        		.uleb128 0x1
 758 00ea 13        		.uleb128 0x13
 759 00eb 3F        		.uleb128 0x3f
 760 00ec 0C        		.uleb128 0xc
 761 00ed 03        		.uleb128 0x3
 762 00ee 0E        		.uleb128 0xe
 763 00ef 3A        		.uleb128 0x3a
 764 00f0 0B        		.uleb128 0xb
 765 00f1 3B        		.uleb128 0x3b
 766 00f2 0B        		.uleb128 0xb
 767 00f3 27        		.uleb128 0x27
 768 00f4 0C        		.uleb128 0xc
 769 00f5 49        		.uleb128 0x49
 770 00f6 13        		.uleb128 0x13
 771 00f7 11        		.uleb128 0x11
 772 00f8 01        		.uleb128 0x1
 773 00f9 12        		.uleb128 0x12
 774 00fa 01        		.uleb128 0x1
 775 00fb 40        		.uleb128 0x40
 776 00fc 0A        		.uleb128 0xa
 777 00fd 00        		.byte	0x0
 778 00fe 00        		.byte	0x0
GAS LISTING C:\Users\Bilel\AppData\Local\Temp/ccfZQeSp.s 			page 15


 779 00ff 14        		.uleb128 0x14
 780 0100 34        		.uleb128 0x34
 781 0101 00        		.byte	0x0
 782 0102 03        		.uleb128 0x3
 783 0103 0E        		.uleb128 0xe
 784 0104 3A        		.uleb128 0x3a
 785 0105 0B        		.uleb128 0xb
 786 0106 3B        		.uleb128 0x3b
 787 0107 0B        		.uleb128 0xb
 788 0108 49        		.uleb128 0x49
 789 0109 13        		.uleb128 0x13
 790 010a 02        		.uleb128 0x2
 791 010b 0A        		.uleb128 0xa
 792 010c 00        		.byte	0x0
 793 010d 00        		.byte	0x0
 794 010e 15        		.uleb128 0x15
 795 010f 01        		.uleb128 0x1
 796 0110 01        		.byte	0x1
 797 0111 01        		.uleb128 0x1
 798 0112 13        		.uleb128 0x13
 799 0113 49        		.uleb128 0x49
 800 0114 13        		.uleb128 0x13
 801 0115 00        		.byte	0x0
 802 0116 00        		.byte	0x0
 803 0117 16        		.uleb128 0x16
 804 0118 21        		.uleb128 0x21
 805 0119 00        		.byte	0x0
 806 011a 49        		.uleb128 0x49
 807 011b 13        		.uleb128 0x13
 808 011c 2F        		.uleb128 0x2f
 809 011d 0B        		.uleb128 0xb
 810 011e 00        		.byte	0x0
 811 011f 00        		.byte	0x0
 812 0120 17        		.uleb128 0x17
 813 0121 34        		.uleb128 0x34
 814 0122 00        		.byte	0x0
 815 0123 03        		.uleb128 0x3
 816 0124 0E        		.uleb128 0xe
 817 0125 3A        		.uleb128 0x3a
 818 0126 0B        		.uleb128 0xb
 819 0127 3B        		.uleb128 0x3b
 820 0128 0B        		.uleb128 0xb
 821 0129 49        		.uleb128 0x49
 822 012a 13        		.uleb128 0x13
 823 012b 3F        		.uleb128 0x3f
 824 012c 0C        		.uleb128 0xc
 825 012d 02        		.uleb128 0x2
 826 012e 0A        		.uleb128 0xa
 827 012f 00        		.byte	0x0
 828 0130 00        		.byte	0x0
 829 0131 00        		.byte	0x0
 830               		.section	.debug_pubnames,"",@progbits
 831 0000 2C00 0000 		.long	0x2c
 832 0004 0200      		.word	0x2
 833 0006 0000 0000 		.long	.Ldebug_info0
 834 000a C701 0000 		.long	0x1c7
 835 000e E800 0000 		.long	0xe8
GAS LISTING C:\Users\Bilel\AppData\Local\Temp/ccfZQeSp.s 			page 16


 836 0012 7761 6974 		.string	"wait"
 836      00
 837 0017 6E01 0000 		.long	0x16e
 838 001b 6D61 696E 		.string	"main"
 838      00
 839 0020 B401 0000 		.long	0x1b4
 840 0024 5041 5454 		.string	"PATTERN"
 840      4552 4E00 
 841 002c 0000 0000 		.long	0x0
 842               		.section	.debug_aranges,"",@progbits
 843 0000 1C00 0000 		.long	0x1c
 844 0004 0200      		.word	0x2
 845 0006 0000 0000 		.long	.Ldebug_info0
 846 000a 04        		.byte	0x4
 847 000b 00        		.byte	0x0
 848 000c 0000      		.word	0x0
 849 000e 0000      		.word	0x0
 850 0010 0000 0000 		.long	.Ltext0
 851 0014 5200 0000 		.long	.Letext0-.Ltext0
 852 0018 0000 0000 		.long	0x0
 853 001c 0000 0000 		.long	0x0
 854               		.section	.debug_str,"MS",@progbits,1
 855               	.LASF7:
 856 0000 6461 7461 		.string	"data"
 856      00
 857               	.LASF8:
 858 0005 6465 6C61 		.string	"delay"
 858      7900 
 859               	.LASF1:
 860 000b 756E 7369 		.string	"unsigned char"
 860      676E 6564 
 860      2063 6861 
 860      7200 
 861               	.LASF11:
 862 0019 5F64 656C 		.string	"_delay_loop_2"
 862      6179 5F6C 
 862      6F6F 705F 
 862      3200 
 863               	.LASF4:
 864 0027 6C6F 6E67 		.string	"long unsigned int"
 864      2075 6E73 
 864      6967 6E65 
 864      6420 696E 
 864      7400 
 865               	.LASF12:
 866 0039 5F64 656C 		.string	"_delay_ms"
 866      6179 5F6D 
 866      7300 
 867               	.LASF17:
 868 0043 646F 7562 		.string	"double"
 868      6C65 00
 869               	.LASF10:
 870 004a 5041 5454 		.string	"PATTERN_STRUCT"
 870      4552 4E5F 
 870      5354 5255 
 870      4354 00
 871               	.LASF16:
GAS LISTING C:\Users\Bilel\AppData\Local\Temp/ccfZQeSp.s 			page 17


 872 0059 5F5F 746D 		.string	"__tmp"
 872      7000 
 873               	.LASF19:
 874 005f 6D61 696E 		.string	"main"
 874      00
 875               	.LASF23:
 876 0064 6234 2E63 		.string	"b4.c"
 876      00
 877               	.LASF18:
 878 0069 7761 6974 		.string	"wait"
 878      00
 879               	.LASF2:
 880 006e 756E 7369 		.string	"unsigned int"
 880      676E 6564 
 880      2069 6E74 
 880      00
 881               	.LASF6:
 882 007b 6C6F 6E67 		.string	"long long unsigned int"
 882      206C 6F6E 
 882      6720 756E 
 882      7369 676E 
 882      6564 2069 
 883               	.LASF5:
 884 0092 6C6F 6E67 		.string	"long long int"
 884      206C 6F6E 
 884      6720 696E 
 884      7400 
 885               	.LASF24:
 886 00a0 433A 5C55 		.string	"C:\\Users\\Bilel\\Documents\\GitHub\\MicroControllers\\week 2\\b4"
 886      7365 7273 
 886      5C42 696C 
 886      656C 5C44 
 886      6F63 756D 
 887               	.LASF20:
 888 00db 696E 6465 		.string	"index"
 888      7800 
 889               	.LASF13:
 890 00e1 5F5F 636F 		.string	"__count"
 890      756E 7400 
 891               	.LASF22:
 892 00e9 474E 5520 		.string	"GNU C 4.1.2 (WinAVR 20070525)"
 892      4320 342E 
 892      312E 3220 
 892      2857 696E 
 892      4156 5220 
 893               	.LASF9:
 894 0107 7569 6E74 		.string	"uint16_t"
 894      3136 5F74 
 894      00
 895               	.LASF15:
 896 0110 5F5F 7469 		.string	"__ticks"
 896      636B 7300 
 897               	.LASF21:
 898 0118 5041 5454 		.string	"PATTERN"
 898      4552 4E00 
 899               	.LASF3:
 900 0120 6C6F 6E67 		.string	"long int"
GAS LISTING C:\Users\Bilel\AppData\Local\Temp/ccfZQeSp.s 			page 18


 900      2069 6E74 
 900      00
 901               	.LASF0:
 902 0129 7369 676E 		.string	"signed char"
 902      6564 2063 
 902      6861 7200 
 903               	.LASF14:
 904 0135 5F5F 6D73 		.string	"__ms"
 904      00
 905               	/* File "b4.c": code   43 = 0x002b (  40), prologues   2, epilogues   1 */
GAS LISTING C:\Users\Bilel\AppData\Local\Temp/ccfZQeSp.s 			page 19


DEFINED SYMBOLS
                            *ABS*:00000000 b4.c
C:\Users\Bilel\AppData\Local\Temp/ccfZQeSp.s:3      *ABS*:0000003f __SREG__
C:\Users\Bilel\AppData\Local\Temp/ccfZQeSp.s:4      *ABS*:0000003e __SP_H__
C:\Users\Bilel\AppData\Local\Temp/ccfZQeSp.s:5      *ABS*:0000003d __SP_L__
C:\Users\Bilel\AppData\Local\Temp/ccfZQeSp.s:6      *ABS*:00000000 __tmp_reg__
C:\Users\Bilel\AppData\Local\Temp/ccfZQeSp.s:7      *ABS*:00000001 __zero_reg__
C:\Users\Bilel\AppData\Local\Temp/ccfZQeSp.s:20     .text:00000000 wait
C:\Users\Bilel\AppData\Local\Temp/ccfZQeSp.s:67     .text:0000001e main
C:\Users\Bilel\AppData\Local\Temp/ccfZQeSp.s:115    .data:00000000 PATTERN

UNDEFINED SYMBOLS
__do_copy_data
__do_clear_bss
